#1 0 0000000070001fa8 02e000ef r 0000000000000001 0000000070001fac  jal      x1, . + 0x2e
#2 0 0000000070001fd6 efffe197 r 0000000000000003 000000005fffffd6  auipc    x3, 0xefffe
#3 0 0000000070001fda 1c218193 r 0000000000000003 0000000060000198  addi     x3, x3, 0x1c2
#4 0 0000000070001fde     8082 r 0000000000000000 0000000000000000  c.jr     x1
#5 0 0000000070001fac     87aa r 000000000000000f 0000000000000000  c.mv     x15, x10
#6 0 0000000070001fae 0005d517 r 000000000000000a 000000007005efae  auipc    x10, 0x5d
#7 0 0000000070001fb2 54450513 r 000000000000000a 000000007005f4f2  addi     x10, x10, 0x544
#8 0 0000000070001fb6     6582 r 000000000000000b 0000000000000001  c.ldsp   x11, 0x0
#9 0 0000000070001fb8     0030 r 000000000000000c 000000ffffffff28  c.addi4spn  x12, 0x2
#10 0 0000000070001fba ff017113 r 0000000000000002 000000ffffffff20  andi     x2, x2, -0x10
#11 0 0000000070001fbe 00014697 r 000000000000000d 0000000070015fbe  auipc    x13, 0x14
#12 0 0000000070001fc2 0b268693 r 000000000000000d 0000000070016070  addi     x13, x13, 0xb2
#13 0 0000000070001fc6 00014717 r 000000000000000e 0000000070015fc6  auipc    x14, 0x14
#14 0 0000000070001fca 13a70713 r 000000000000000e 0000000070016100  addi     x14, x14, 0x13a
#15 0 0000000070001fce     880a r 0000000000000010 000000ffffffff20  c.mv     x16, x2
#16 0 0000000070001fd0 35d130ef r 0000000000000001 0000000070001fd4  jal      x1, . + 0x13b5c
#17 0 0000000070015b2c     7149 r 0000000000000002 000000fffffffdb0  c.addi16sp -0x17
#18 0 0000000070015b2e     e42e m 000000fffffffdb8 0000000000000001  c.sdsp   x11, 0x8
#19 0 0000000070015b30     0585 r 000000000000000b 0000000000000002  c.addi   x11, 0x1
#20 0 0000000070015b32     f2a2 m 000000ffffffff10 0000000000000000  c.sdsp   x8, 0x160
#21 0 0000000070015b34     e832 m 000000fffffffdc0 000000ffffffff28  c.sdsp   x12, 0x10
#22 0 0000000070015b36     8432 r 0000000000000008 000000ffffffff28  c.mv     x8, x12
#23 0 0000000070015b38 00359613 r 000000000000000c 0000000000000010  slli     x12, x11, 0x3
#24 0 0000000070015b3c     9622 r 000000000000000c 000000ffffffff38  c.add    x12, x8
#25 0 0000000070015b3e     eea6 m 000000ffffffff08 0000000000000000  c.sdsp   x9, 0x158
#26 0 0000000070015b40     84ba r 0000000000000009 0000000070016100  c.mv     x9, x14
#27 0 0000000070015b42 60279737 r 000000000000000e 0000000060279000  lui      x14, 0x60279
#28 0 0000000070015b46 2ec73c23 m 00000000602792f8 000000ffffffff38  sd       x12, 0x2f8(x14)
#29 0 0000000070015b4a 60003737 r 000000000000000e 0000000060003000  lui      x14, 0x60003
#30 0 0000000070015b4e     e6ce m 000000fffffffef8 0000000000000000  c.sdsp   x19, 0x148
#31 0 0000000070015b50     f686 m 000000ffffffff18 0000000070001fd4  c.sdsp   x1, 0x168
#32 0 0000000070015b52     eaca m 000000ffffffff00 0000000000000000  c.sdsp   x18, 0x150
#33 0 0000000070015b54     e2d2 m 000000fffffffef0 0000000000000000  c.sdsp   x20, 0x140
#34 0 0000000070015b56     fe56 m 000000fffffffee8 0000000000000000  c.sdsp   x21, 0x138
#35 0 0000000070015b58     fa5a m 000000fffffffee0 0000000000000000  c.sdsp   x22, 0x130
#36 0 0000000070015b5a     f65e m 000000fffffffed8 0000000000000000  c.sdsp   x23, 0x128
#37 0 0000000070015b5c     f262 m 000000fffffffed0 0000000000000000  c.sdsp   x24, 0x120
#38 0 0000000070015b5e     ec2a m 000000fffffffdc8 000000007005f4f2  c.sdsp   x10, 0x18
#39 0 0000000070015b60     8436 r 0000000000000008 0000000070016070  c.mv     x8, x13
#40 0 0000000070015b62     89be r 0000000000000013 0000000000000000  c.mv     x19, x15
#41 0 0000000070015b64 c5073c23 m 0000000060002c58 000000ffffffff20  sd       x16, -0x3a8(x14)
#42 0 0000000070015b68     620c r 000000000000000b 0000000000000000  c.ld     x11, 0x0(x12)
#43 0 0000000070015b6a     0621 r 000000000000000c 000000ffffffff40  c.addi   x12, 0x8
#44 0 0000000070015b6c     fdf5 r 0000000000000000 0000000000000000  c.bnez   x11, . - 0x4
#45 0 0000000070015b6e     8532 r 000000000000000a 000000ffffffff40  c.mv     x10, x12
#46 0 0000000070015b70 5831c0ef r 0000000000000001 0000000070015b74  jal      x1, . + 0x1cd82
#47 0 00000000700328f2     611c r 000000000000000f 0000000000000000  c.ld     x15, 0x0(x10)
#48 0 00000000700328f4 60279737 r 000000000000000e 0000000060279000  lui      x14, 0x60279
#49 0 00000000700328f8 34a73823 m 0000000060279350 000000ffffffff40  sd       x10, 0x350(x14)
#50 0 00000000700328fc 26078e63 r 0000000000000000 0000000000000000  beq      x15, x0, . + 0x27c
#51 0 0000000070032b78     8082 r 0000000000000000 0000000000000000  c.jr     x1
#52 0 0000000070015b74 60279737 r 000000000000000e 0000000060279000  lui      x14, 0x60279
#53 0 0000000070015b78 34873683 r 000000000000000d 0000000000000000  ld       x13, 0x348(x14)
#54 0 0000000070015b7c     caa1 r 0000000000000000 0000000000000000  c.beqz   x13, . + 0x50
#55 0 0000000070015bcc 00000793 r 000000000000000f 0000000000000000  addi     x15, x0, 0x0
#56 0 0000000070015bd0     d7dd r 0000000000000000 0000000000000000  c.beqz   x15, . - 0x52
#57 0 0000000070015b7e 7701d0ef r 0000000000000001 0000000070015b82  jal      x1, . + 0x1d770
#58 0 00000000700332ee 602797b7 r 000000000000000f 0000000060279000  lui      x15, 0x60279
#59 0 00000000700332f2 3d07a783 r 000000000000000f 0000000000000000  lw       x15, 0x3d0(x15)
#60 0 00000000700332f6     c391 r 0000000000000000 0000000000000000  c.beqz   x15, . + 0x4
#61 0 00000000700332fa     1141 r 0000000000000002 000000fffffffda0  c.addi   x2, -0x10
#62 0 00000000700332fc     e406 m 000000fffffffda8 0000000070015b82  c.sdsp   x1, 0x8
#63 0 00000000700332fe     e022 m 000000fffffffda0 0000000070016070  c.sdsp   x8, 0x0
#64 0 0000000070033300 42c1a0ef r 0000000000000001 0000000070033304  jal      x1, . + 0x1a42c
#65 0 000000007004d72c 0af00893 r 0000000000000011 00000000000000af  addi     x17, x0, 0xaf
#66 0 000000007004d730 00000073 r 000000000000000a 000000003b9ec23f  ecall
#67 0 000000007004d734     8082 r 0000000000000000 0000000000000000  c.jr     x1
#68 0 0000000070033304 0005041b r 0000000000000008 000000003b9ec23f  addiw    x8, x10, 0x0
#69 0 0000000070033308 4181a0ef r 0000000000000001 000000007003330c  jal      x1, . + 0x1a418
#70 0 000000007004d720 0ae00893 r 0000000000000011 00000000000000ae  addi     x17, x0, 0xae
#71 0 000000007004d724 00000073 r 000000000000000a 000000003b9ec23f  ecall
#72 0 000000007004d728     8082 r 0000000000000000 0000000000000000  c.jr     x1
#73 0 000000007003330c     2501 r 000000000000000a 000000003b9ec23f  c.addiw  x10, 0x0
#74 0 000000007003330e     4785 r 000000000000000f 0000000000000001  c.li     x15, 0x1
#75 0 0000000070033310 00850a63 r 0000000000000000 0000000000000000  beq      x10, x8, . + 0x14
#76 0 0000000070033324 4201a0ef r 0000000000000001 0000000070033328  jal      x1, . + 0x1a420
#77 0 000000007004d744 0b100893 r 0000000000000011 00000000000000b1  addi     x17, x0, 0xb1
#78 0 000000007004d748 00000073 r 000000000000000a 00000000022c4002  ecall
#79 0 000000007004d74c     8082 r 0000000000000000 0000000000000000  c.jr     x1
#80 0 0000000070033328 0005041b r 0000000000000008 00000000022c4002  addiw    x8, x10, 0x0
#81 0 000000007003332c 40c1a0ef r 0000000000000001 0000000070033330  jal      x1, . + 0x1a40c
#82 0 000000007004d738 0b000893 r 0000000000000011 00000000000000b0  addi     x17, x0, 0xb0
#83 0 000000007004d73c 00000073 r 000000000000000a 00000000022c4002  ecall
#84 0 000000007004d740     8082 r 0000000000000000 0000000000000000  c.jr     x1
#85 0 0000000070033330 0005079b r 000000000000000f 00000000022c4002  addiw    x15, x10, 0x0
#86 0 0000000070033334     8f81 r 000000000000000f 0000000000000000  c.sub    x15, x8
#87 0 0000000070033336 00f037b3 r 000000000000000f 0000000000000000  sltu     x15, x0, x15
#88 0 000000007003333a     bfe9 r 0000000000000000 0000000000000000  c.j      . - 0x26
#89 0 0000000070033314     60a2 r 0000000000000001 0000000070015b82  c.ldsp   x1, 0x8
#90 0 0000000070033316     6402 r 0000000000000008 0000000070016070  c.ldsp   x8, 0x0
#91 0 0000000070033318 60003737 r 000000000000000e 0000000060003000  lui      x14, 0x60003
#92 0 000000007003331c c6f72023 m 0000000060002c60 0000000000000000  sw       x15, -0x3a0(x14)
#93 0 0000000070033320     0141 r 0000000000000002 000000fffffffdb0  c.addi   x2, 0x10
#94 0 0000000070033322     8082 r 0000000000000000 0000000000000000  c.jr     x1
#95 0 0000000070015b82 602797b7 r 000000000000000f 0000000060279000  lui      x15, 0x60279
#96 0 0000000070015b86 2f87b503 r 000000000000000a 000000ffffffff38  ld       x10, 0x2f8(x15)
#97 0 0000000070015b8a 03a00b13 r 0000000000000016 000000000000003a  addi     x22, x0, 0x3a
#98 0 0000000070015b8e 0b31c0ef r 0000000000000001 0000000070015b92  jal      x1, . + 0x1c8b2
#99 0 0000000070032440     7119 r 0000000000000002 000000fffffffd30  c.addi16sp -0x8
#100 0 0000000070032442     e8d2 m 000000fffffffd80 0000000000000000  c.sdsp   x20, 0x50
#101 0 0000000070032444 60003a37 r 0000000000000014 0000000060003000  lui      x20, 0x60003
#102 0 0000000070032448 c60a2783 r 000000000000000f 0000000000000000  lw       x15, -0x3a0(x20)
#103 0 000000007003244c     fc5e m 000000fffffffd68 0000000000000000  c.sdsp   x23, 0x38
#104 0 000000007003244e     fc86 m 000000fffffffda8 0000000070015b92  c.sdsp   x1, 0x78
#105 0 0000000070032450     f8a2 m 000000fffffffda0 0000000070016070  c.sdsp   x8, 0x70
#106 0 0000000070032452     f4a6 m 000000fffffffd98 0000000070016100  c.sdsp   x9, 0x68
#107 0 0000000070032454     f0ca m 000000fffffffd90 0000000000000000  c.sdsp   x18, 0x60
#108 0 0000000070032456     ecce m 000000fffffffd88 0000000000000000  c.sdsp   x19, 0x58
#109 0 0000000070032458     e4d6 m 000000fffffffd78 0000000000000000  c.sdsp   x21, 0x48
#110 0 000000007003245a     e0da m 000000fffffffd70 000000000000003a  c.sdsp   x22, 0x40
#111 0 000000007003245c     f862 m 000000fffffffd60 0000000000000000  c.sdsp   x24, 0x30
#112 0 000000007003245e     f466 m 000000fffffffd58 0000000000000000  c.sdsp   x25, 0x28
#113 0 0000000070032460     f06a m 000000fffffffd50 0000000000000000  c.sdsp   x26, 0x20
#114 0 0000000070032462     ec6e m 000000fffffffd48 0000000000000000  c.sdsp   x27, 0x18
#115 0 0000000070032464     8baa r 0000000000000017 000000ffffffff38  c.mv     x23, x10
#116 0 0000000070032466 30079763 r 0000000000000000 0000000000000000  bne      x15, x0, . + 0x30e
#117 0 000000007003246a     6785 r 000000000000000f 0000000000001000  c.lui    x15, 0x1
#118 0 000000007003246c 60002437 r 0000000000000008 0000000060002000  lui      x8, 0x60002
#119 0 0000000070032470 21840b13 r 0000000000000016 0000000060002218  addi     x22, x8, 0x218
#120 0 0000000070032474 a6878913 r 0000000000000012 0000000000000a68  addi     x18, x15, -0x598
#121 0 0000000070032478 a1078793 r 000000000000000f 0000000000000a10  addi     x15, x15, -0x5f0
#122 0 000000007003247c     995a r 0000000000000012 0000000060002c80  c.add    x18, x22
#123 0 000000007003247e 00fb09b3 r 0000000000000013 0000000060002c28  add      x19, x22, x15
#124 0 0000000070032482 0c0b8a63 r 0000000000000000 0000000000000000  beq      x23, x0, . + 0xd4
#125 0 0000000070032486     865e r 000000000000000c 000000ffffffff38  c.mv     x12, x23
#126 0 0000000070032488 03d00693 r 000000000000000d 000000000000003d  addi     x13, x0, 0x3d
#127 0 000000007003248c 00063c83 r 0000000000000019 0000000000000000  ld       x25, 0x0(x12)
#128 0 0000000070032490     8ab2 r 0000000000000015 000000ffffffff38  c.mv     x21, x12
#129 0 0000000070032492 0c0c8263 r 0000000000000000 0000000000000000  beq      x25, x0, . + 0xc4
#130 0 0000000070032556     70e6 r 0000000000000001 0000000070015b92  c.ldsp   x1, 0x78
#131 0 0000000070032558     7446 r 0000000000000008 0000000070016070  c.ldsp   x8, 0x70
#132 0 000000007003255a     74a6 r 0000000000000009 0000000070016100  c.ldsp   x9, 0x68
#133 0 000000007003255c     7906 r 0000000000000012 0000000000000000  c.ldsp   x18, 0x60
#134 0 000000007003255e     69e6 r 0000000000000013 0000000000000000  c.ldsp   x19, 0x58
#135 0 0000000070032560     6a46 r 0000000000000014 0000000000000000  c.ldsp   x20, 0x50
#136 0 0000000070032562     6aa6 r 0000000000000015 0000000000000000  c.ldsp   x21, 0x48
#137 0 0000000070032564     6b06 r 0000000000000016 000000000000003a  c.ldsp   x22, 0x40
#138 0 0000000070032566     7be2 r 0000000000000017 0000000000000000  c.ldsp   x23, 0x38
#139 0 0000000070032568     7c42 r 0000000000000018 0000000000000000  c.ldsp   x24, 0x30
#140 0 000000007003256a     7ca2 r 0000000000000019 0000000000000000  c.ldsp   x25, 0x28
#141 0 000000007003256c     7d02 r 000000000000001a 0000000000000000  c.ldsp   x26, 0x20
#142 0 000000007003256e     6de2 r 000000000000001b 0000000000000000  c.ldsp   x27, 0x18
#143 0 0000000070032570     6109 r 0000000000000002 000000fffffffdb0  c.addi16sp 0x8
#144 0 0000000070032572     8082 r 0000000000000000 0000000000000000  c.jr     x1
#145 0 0000000070015b92 00000a13 r 0000000000000014 0000000000000000  addi     x20, x0, 0x0
#146 0 0000000070015b96     57fd r 000000000000000f ffffffffffffffff  c.li     x15, -0x1
#147 0 0000000070015b98 60279bb7 r 0000000000000017 0000000060279000  lui      x23, 0x60279
#148 0 0000000070015b9c 00000913 r 0000000000000012 0000000000000000  addi     x18, x0, 0x0
#149 0 0000000070015ba0 0207da93 r 0000000000000015 00000000ffffffff  srli     x21, x15, 0x20
#150 0 0000000070015ba4 07497e63 r 0000000000000000 0000000000000000  bgeu     x18, x20, . + 0x7c
#151 0 0000000070015c20 25c000ef r 0000000000000001 0000000070015c24  jal      x1, . + 0x25c
#152 0 0000000070015e7c 602797b7 r 000000000000000f 0000000060279000  lui      x15, 0x60279
#153 0 0000000070015e80 3487b783 r 000000000000000f 0000000000000000  ld       x15, 0x348(x15)
#154 0 0000000070015e84     7119 r 0000000000000002 000000fffffffd30  c.addi16sp -0x8
#155 0 0000000070015e86     ecce m 000000fffffffd88 0000000000000000  c.sdsp   x19, 0x58
#156 0 0000000070015e88 60002737 r 000000000000000e 0000000060002000  lui      x14, 0x60002
#157 0 0000000070015e8c     fc86 m 000000fffffffda8 0000000070015c24  c.sdsp   x1, 0x78
#158 0 0000000070015e8e     f8a2 m 000000fffffffda0 0000000070016070  c.sdsp   x8, 0x70
#159 0 0000000070015e90     f4a6 m 000000fffffffd98 0000000070016100  c.sdsp   x9, 0x68
#160 0 0000000070015e92     f0ca m 000000fffffffd90 0000000000000000  c.sdsp   x18, 0x60
#161 0 0000000070015e94     e8d2 m 000000fffffffd80 0000000000000000  c.sdsp   x20, 0x50
#162 0 0000000070015e96     e4d6 m 000000fffffffd78 00000000ffffffff  c.sdsp   x21, 0x48
#163 0 0000000070015e98     e0da m 000000fffffffd70 000000000000003a  c.sdsp   x22, 0x40
#164 0 0000000070015e9a     fc5e m 000000fffffffd68 0000000060279000  c.sdsp   x23, 0x38
#165 0 0000000070015e9c     f862 m 000000fffffffd60 0000000000000000  c.sdsp   x24, 0x30
#166 0 0000000070015e9e     f466 m 000000fffffffd58 0000000000000000  c.sdsp   x25, 0x28
#167 0 0000000070015ea0     f06a m 000000fffffffd50 0000000000000000  c.sdsp   x26, 0x20
#168 0 0000000070015ea2     ec6e m 000000fffffffd48 0000000000000000  c.sdsp   x27, 0x18
#169 0 0000000070015ea4 94073983 r 0000000000000013 0000000060001470  ld       x19, -0x6c0(x14)
#170 0 0000000070015ea8 18078763 r 0000000000000000 0000000000000000  beq      x15, x0, . + 0x18e
#171 0 0000000070016036     4501 r 000000000000000a 0000000000000000  c.li     x10, 0x0
#172 0 0000000070016038 48f1b0ef r 0000000000000001 000000007001603c  jal      x1, . + 0x1bc8e
#173 0 0000000070031cc6     7179 r 0000000000000002 000000fffffffd00  c.addi16sp -0x3
#174 0 0000000070031cc8     ec26 m 000000fffffffd18 0000000070016100  c.sdsp   x9, 0x18
#175 0 0000000070031cca     4601 r 000000000000000c 0000000000000000  c.li     x12, 0x0
#176 0 0000000070031ccc     002c r 000000000000000b 000000fffffffd08  c.addi4spn  x11, 0x2
#177 0 0000000070031cce     84aa r 0000000000000009 0000000000000000  c.mv     x9, x10
#178 0 0000000070031cd0     453d r 000000000000000a 000000000000000f  c.li     x10, 0xf
#179 0 0000000070031cd2     f406 m 000000fffffffd28 000000007001603c  c.sdsp   x1, 0x28
#180 0 0000000070031cd4     f022 m 000000fffffffd20 0000000070016070  c.sdsp   x8, 0x20
#181 0 0000000070031cd6 3b9000ef r 0000000000000001 0000000070031cda  jal      x1, . + 0xbb8
#182 0 000000007003288e     1502 r 000000000000000a 0000000f00000000  c.slli   x10, 32
#183 0 0000000070032890     9101 r 000000000000000a 000000000000000f  c.srli   x10, 0x20
#184 0 0000000070032892 00351793 r 000000000000000f 0000000000000078  slli     x15, x10, 0x3
#185 0 0000000070032896     8f89 r 000000000000000f 0000000000000069  c.sub    x15, x10
#186 0 0000000070032898 60002737 r 000000000000000e 0000000060002000  lui      x14, 0x60002
#187 0 000000007003289c 21870713 r 000000000000000e 0000000060002218  addi     x14, x14, 0x218
#188 0 00000000700328a0     0792 r 000000000000000f 0000000000000690  c.slli   x15, 4
#189 0 00000000700328a2     97ba r 000000000000000f 00000000600028a8  c.add    x15, x14
#190 0 00000000700328a4     5b94 r 000000000000000d 0000000000000002  c.lw     x13, 0x30(x15)
#191 0 00000000700328a6     4809 r 0000000000000010 0000000000000002  c.li     x16, 0x2
#192 0 00000000700328a8     67bc r 000000000000000f 0000000000000004  c.ld     x15, 0x48(x15)
#193 0 00000000700328aa 02d86463 r 0000000000000000 0000000000000000  bltu     x16, x13, . + 0x28
#194 0 00000000700328ae     e295 r 0000000000000000 0000000000000000  c.bnez   x13, . + 0x24
#195 0 00000000700328d2     e19c m 000000fffffffd08 0000000000000004  c.sd     x15, 0x0(x11)
#196 0 00000000700328d4     bff9 r 0000000000000000 0000000000000000  c.j      . - 0x22
#197 0 00000000700328b2 00351793 r 000000000000000f 0000000000000078  slli     x15, x10, 0x3
#198 0 00000000700328b6     8f89 r 000000000000000f 0000000000000069  c.sub    x15, x10
#199 0 00000000700328b8     0792 r 000000000000000f 0000000000000690  c.slli   x15, 4
#200 0 00000000700328ba 00f706b3 r 000000000000000d 00000000600028a8  add      x13, x14, x15
#201 0 00000000700328be 0506c683 r 000000000000000d 0000000000000000  lbu      x13, 0x50(x13)
#202 0 00000000700328c2     c699 r 0000000000000000 0000000000000000  c.beqz   x13, . + 0xe
#203 0 00000000700328d0     8082 r 0000000000000000 0000000000000000  c.jr     x1
#204 0 0000000070031cda     6422 r 0000000000000008 0000000000000004  c.ldsp   x8, 0x8
#205 0 0000000070031cdc     4601 r 000000000000000c 0000000000000000  c.li     x12, 0x0
#206 0 0000000070031cde     002c r 000000000000000b 000000fffffffd08  c.addi4spn  x11, 0x2
#207 0 0000000070031ce0     450d r 000000000000000a 0000000000000003  c.li     x10, 0x3
#208 0 0000000070031ce2 3ad000ef r 0000000000000001 0000000070031ce6  jal      x1, . + 0xbac
#209 0 000000007003288e     1502 r 000000000000000a 0000000300000000  c.slli   x10, 32
#210 0 0000000070032890     9101 r 000000000000000a 0000000000000003  c.srli   x10, 0x20
#211 0 0000000070032892 00351793 r 000000000000000f 0000000000000018  slli     x15, x10, 0x3
#212 0 0000000070032896     8f89 r 000000000000000f 0000000000000015  c.sub    x15, x10
#213 0 0000000070032898 60002737 r 000000000000000e 0000000060002000  lui      x14, 0x60002
#214 0 000000007003289c 21870713 r 000000000000000e 0000000060002218  addi     x14, x14, 0x218
#215 0 00000000700328a0     0792 r 000000000000000f 0000000000000150  c.slli   x15, 4
#216 0 00000000700328a2     97ba r 000000000000000f 0000000060002368  c.add    x15, x14
#217 0 00000000700328a4     5b94 r 000000000000000d 0000000000000002  c.lw     x13, 0x30(x15)
#218 0 00000000700328a6     4809 r 0000000000000010 0000000000000002  c.li     x16, 0x2
#219 0 00000000700328a8     67bc r 000000000000000f 0000000000000200  c.ld     x15, 0x48(x15)
#220 0 00000000700328aa 02d86463 r 0000000000000000 0000000000000000  bltu     x16, x13, . + 0x28
#221 0 00000000700328ae     e295 r 0000000000000000 0000000000000000  c.bnez   x13, . + 0x24
#222 0 00000000700328d2     e19c m 000000fffffffd08 0000000000000200  c.sd     x15, 0x0(x11)
#223 0 00000000700328d4     bff9 r 0000000000000000 0000000000000000  c.j      . - 0x22
#224 0 00000000700328b2 00351793 r 000000000000000f 0000000000000018  slli     x15, x10, 0x3
#225 0 00000000700328b6     8f89 r 000000000000000f 0000000000000015  c.sub    x15, x10
#226 0 00000000700328b8     0792 r 000000000000000f 0000000000000150  c.slli   x15, 4
#227 0 00000000700328ba 00f706b3 r 000000000000000d 0000000060002368  add      x13, x14, x15
#228 0 00000000700328be 0506c683 r 000000000000000d 0000000000000000  lbu      x13, 0x50(x13)
#229 0 00000000700328c2     c699 r 0000000000000000 0000000000000000  c.beqz   x13, . + 0xe
#230 0 00000000700328d0     8082 r 0000000000000000 0000000000000000  c.jr     x1
#231 0 0000000070031ce6     66a2 r 000000000000000d 0000000000000200  c.ldsp   x13, 0x8
#232 0 0000000070031ce8     4785 r 000000000000000f 0000000000000001  c.li     x15, 0x1
#233 0 0000000070031cea     e011 r 0000000000000000 0000000000000000  c.bnez   x8, . + 0x4
#234 0 0000000070031cee     4605 r 000000000000000c 0000000000000001  c.li     x12, 0x1
#235 0 0000000070031cf0     8e1d r 000000000000000c 0000000000000000  c.sub    x12, x15
#236 0 0000000070031cf2 02966b63 r 0000000000000000 0000000000000000  bltu     x12, x9, . + 0x36
#237 0 0000000070031cf6     9fa5 r 000000000000000f 0000000000000001  c.addw   x15, x9
#238 0 0000000070031cf8 fff7871b r 000000000000000e 0000000000000000  addiw    x14, x15, -0x1
#239 0 0000000070031cfc     9f3d r 000000000000000e 0000000000000001  c.addw   x14, x15
#240 0 0000000070031cfe 0037179b r 000000000000000f 0000000000000008  slliw    x15, x14, 0x3
#241 0 0000000070031d02     9fb9 r 000000000000000f 0000000000000009  c.addw   x15, x14
#242 0 0000000070031d04 0047979b r 000000000000000f 0000000000000090  slliw    x15, x15, 0x4
#243 0 0000000070031d08     70a2 r 0000000000000001 000000007001603c  c.ldsp   x1, 0x28
#244 0 0000000070031d0a     7402 r 0000000000000008 0000000070016070  c.ldsp   x8, 0x20
#245 0 0000000070031d0c 60279737 r 000000000000000e 0000000060279000  lui      x14, 0x60279
#246 0 0000000070031d10     9fb5 r 000000000000000f 0000000000000290  c.addw   x15, x13
#247 0 0000000070031d12 16d73823 m 0000000060279170 0000000000000200  sd       x13, 0x170(x14)
#248 0 0000000070031d16 0907879b r 000000000000000f 0000000000000320  addiw    x15, x15, 0x90
#249 0 0000000070031d1a 60279737 r 000000000000000e 0000000060279000  lui      x14, 0x60279
#250 0 0000000070031d1e 16f73c23 m 0000000060279178 0000000000000320  sd       x15, 0x178(x14)
#251 0 0000000070031d22     64e2 r 0000000000000009 0000000070016100  c.ldsp   x9, 0x18
#252 0 0000000070031d24     6145 r 0000000000000002 000000fffffffd30  c.addi16sp 0x3
#253 0 0000000070031d26     8082 r 0000000000000000 0000000000000000  c.jr     x1
#254 0 000000007001603c     4d85 r 000000000000001b 0000000000000001  c.li     x27, 0x1
#255 0 000000007001603e     4c01 r 0000000000000018 0000000000000000  c.li     x24, 0x0
#256 0 0000000070016040     e402 m 000000fffffffd38 0000000000000000  c.sdsp   x0, 0x8
#257 0 0000000070016042     e002 m 000000fffffffd30 0000000000000000  c.sdsp   x0, 0x0
#258 0 0000000070016044     54c1 r 0000000000000009 fffffffffffffff0  c.li     x9, -0x10
#259 0 0000000070016046     4b3d r 0000000000000016 000000000000000f  c.li     x22, 0xf
#260 0 0000000070016048     4cc1 r 0000000000000019 0000000000000010  c.li     x25, 0x10
#261 0 000000007001604a     4b81 r 0000000000000017 0000000000000000  c.li     x23, 0x0
#262 0 000000007001604c     4a01 r 0000000000000014 0000000000000000  c.li     x20, 0x0
#263 0 000000007001604e     4a81 r 0000000000000015 0000000000000000  c.li     x21, 0x0
#264 0 0000000070016050     4d01 r 000000000000001a 0000000000000000  c.li     x26, 0x0
#265 0 0000000070016052     b5e1 r 0000000000000000 0000000000000000  c.j      . - 0x138
#266 0 0000000070015f1a 60279937 r 0000000000000012 0000000060279000  lui      x18, 0x60279
#267 0 0000000070015f1e 17893503 r 000000000000000a 0000000000000320  ld       x10, 0x178(x18)
#268 0 0000000070015f22 7a050513 r 000000000000000a 0000000000000ac0  addi     x10, x10, 0x7a0
#269 0 0000000070015f26     9562 r 000000000000000a 0000000000000ac0  c.add    x10, x24
#270 0 0000000070015f28     956a r 000000000000000a 0000000000000ac0  c.add    x10, x26
#271 0 0000000070015f2a     9566 r 000000000000000a 0000000000000ad0  c.add    x10, x25
#272 0 0000000070015f2c 4891a0ef r 0000000000000001 0000000070015f30  jal      x1, . + 0x1ac88
#273 0 0000000070030bb4     1101 r 0000000000000002 000000fffffffd10  c.addi   x2, -0x20
#274 0 0000000070030bb6     e04a m 000000fffffffd10 0000000060279000  c.sdsp   x18, 0x0
#275 0 0000000070030bb8 60279937 r 0000000000000012 0000000060279000  lui      x18, 0x60279
#276 0 0000000070030bbc     e426 m 000000fffffffd18 fffffffffffffff0  c.sdsp   x9, 0x8
#277 0 0000000070030bbe 49893483 r 0000000000000009 0000000000000000  ld       x9, 0x498(x18)
#278 0 0000000070030bc2     e822 m 000000fffffffd20 0000000070016070  c.sdsp   x8, 0x10
#279 0 0000000070030bc4     ec06 m 000000fffffffd28 0000000070015f30  c.sdsp   x1, 0x18
#280 0 0000000070030bc6     842a r 0000000000000008 0000000000000ad0  c.mv     x8, x10
#281 0 0000000070030bc8     c8a9 r 0000000000000000 0000000000000000  c.beqz   x9, . + 0x52
#282 0 0000000070030c1a     4501 r 000000000000000a 0000000000000000  c.li     x10, 0x0
#283 0 0000000070030c1c 51f1c0ef r 0000000000000001 0000000070030c20  jal      x1, . + 0x1cd1e
#284 0 000000007004d93a     87aa r 000000000000000f 0000000000000000  c.mv     x15, x10
#285 0 000000007004d93c 0d600893 r 0000000000000011 00000000000000d6  addi     x17, x0, 0xd6
#286 0 000000007004d940 00000073 r 000000000000000a 0000000040001000  ecall
#287 0 000000007004d944 60279737 r 000000000000000e 0000000060279000  lui      x14, 0x60279
#288 0 000000007004d948 48a73c23 m 0000000060279498 0000000040001000  sd       x10, 0x498(x14)
#289 0 000000007004d94c 00f56463 r 0000000000000000 0000000000000000  bltu     x10, x15, . + 0x8
#290 0 000000007004d950     4501 r 000000000000000a 0000000000000000  c.li     x10, 0x0
#291 0 000000007004d952     8082 r 0000000000000000 0000000000000000  c.jr     x1
#292 0 0000000070030c20 fe0545e3 r 0000000000000000 0000000000000000  blt      x10, x0, . - 0x16
#293 0 0000000070030c24 49893483 r 0000000000000009 0000000040001000  ld       x9, 0x498(x18)
#294 0 0000000070030c28     b74d r 0000000000000000 0000000000000000  c.j      . - 0x5e
#295 0 0000000070030bca     cc19 r 0000000000000000 0000000000000000  c.beqz   x8, . + 0x1e
#296 0 0000000070030bcc 02805563 r 0000000000000000 0000000000000000  bge      x0, x8, . + 0x2a
#297 0 0000000070030bd0 00848533 r 000000000000000a 0000000040001ad0  add      x10, x9, x8
#298 0 0000000070030bd4 02957763 r 0000000000000000 0000000000000000  bgeu     x10, x9, . + 0x2e
#299 0 0000000070030c02 5391c0ef r 0000000000000001 0000000070030c06  jal      x1, . + 0x1cd38
#300 0 000000007004d93a     87aa r 000000000000000f 0000000040001ad0  c.mv     x15, x10
#301 0 000000007004d93c 0d600893 r 0000000000000011 00000000000000d6  addi     x17, x0, 0xd6
#302 0 000000007004d940 00000073 r 000000000000000a 0000000040001ad0  ecall
#303 0 000000007004d944 60279737 r 000000000000000e 0000000060279000  lui      x14, 0x60279
#304 0 000000007004d948 48a73c23 m 0000000060279498 0000000040001ad0  sd       x10, 0x498(x14)
#305 0 000000007004d94c 00f56463 r 0000000000000000 0000000000000000  bltu     x10, x15, . + 0x8
#306 0 000000007004d950     4501 r 000000000000000a 0000000000000000  c.li     x10, 0x0
#307 0 000000007004d952     8082 r 0000000000000000 0000000000000000  c.jr     x1
#308 0 0000000070030c06 fe0551e3 r 0000000000000000 0000000000000000  bge      x10, x0, . - 0x1e
#309 0 0000000070030be8     60e2 r 0000000000000001 0000000070015f30  c.ldsp   x1, 0x18
#310 0 0000000070030bea     6442 r 0000000000000008 0000000070016070  c.ldsp   x8, 0x10
#311 0 0000000070030bec     6902 r 0000000000000012 0000000060279000  c.ldsp   x18, 0x0
#312 0 0000000070030bee     8526 r 000000000000000a 0000000040001000  c.mv     x10, x9
#313 0 0000000070030bf0     64a2 r 0000000000000009 fffffffffffffff0  c.ldsp   x9, 0x8
#314 0 0000000070030bf2     6105 r 0000000000000002 000000fffffffd30  c.addi16sp 0x2
#315 0 0000000070030bf4     8082 r 0000000000000000 0000000000000000  c.jr     x1
#316 0 0000000070015f30     6782 r 000000000000000f 0000000000000000  c.ldsp   x15, 0x0
#317 0 0000000070015f32 7a050413 r 0000000000000008 00000000400017a0  addi     x8, x10, 0x7a0
#318 0 0000000070015f36     945a r 0000000000000008 00000000400017af  c.add    x8, x22
#319 0 0000000070015f38     8c65 r 0000000000000008 00000000400017a0  c.and    x8, x9
#320 0 0000000070015f3a 602784b7 r 0000000000000009 0000000060278000  lui      x9, 0x60278
#321 0 0000000070015f3e cb848493 r 0000000000000009 0000000060277cb8  addi     x9, x9, -0x348
#322 0 0000000070015f42 01840533 r 000000000000000a 00000000400017a0  add      x10, x8, x24
#323 0 0000000070015f46 44f9b023 m 00000000600018b0 0000000000000000  sd       x15, 0x440(x19)
#324 0 0000000070015f4a 03e00793 r 000000000000000f 000000000000003e  addi     x15, x0, 0x3e
#325 0 0000000070015f4e     85d2 r 000000000000000b 0000000000000000  c.mv     x11, x20
#326 0 0000000070015f50     e09c m 0000000060277cb8 000000000000003e  c.sd     x15, 0x0(x9)
#327 0 0000000070015f52     8656 r 000000000000000c 0000000000000000  c.mv     x12, x21
#328 0 0000000070015f54     f088 m 0000000060277cd8 00000000400017a0  c.sd     x10, 0x20(x9)
#329 0 0000000070015f56 0204b423 m 0000000060277ce0 0000000000000000  sd       x0, 0x28(x9)
#330 0 0000000070015f5a 086190ef r 0000000000000001 0000000070015f5e  jal      x1, . + 0x19086
#331 0 000000007002efe0     7179 r 0000000000000002 000000fffffffd00  c.addi16sp -0x3
#332 0 000000007002efe2     f022 m 000000fffffffd20 00000000400017a0  c.sdsp   x8, 0x20
#333 0 000000007002efe4     e84a m 000000fffffffd10 0000000060279000  c.sdsp   x18, 0x10
#334 0 000000007002efe6     f406 m 000000fffffffd28 0000000070015f5e  c.sdsp   x1, 0x28
#335 0 000000007002efe8     ec26 m 000000fffffffd18 0000000060277cb8  c.sdsp   x9, 0x18
#336 0 000000007002efea     e44e m 000000fffffffd08 0000000060001470  c.sdsp   x19, 0x8
#337 0 000000007002efec     47bd r 000000000000000f 000000000000000f  c.li     x15, 0xf
#338 0 000000007002efee     892a r 0000000000000012 00000000400017a0  c.mv     x18, x10
#339 0 000000007002eff0     872a r 000000000000000e 00000000400017a0  c.mv     x14, x10
#340 0 000000007002eff2     842e r 0000000000000008 0000000000000000  c.mv     x8, x11
#341 0 000000007002eff4 04c7f463 r 0000000000000000 0000000000000000  bgeu     x15, x12, . + 0x48
#342 0 000000007002f03c     177d r 000000000000000e 000000004000179f  c.addi   x14, -0x1
#343 0 000000007002f03e     87a2 r 000000000000000f 0000000000000000  c.mv     x15, x8
#344 0 000000007002f040 008605b3 r 000000000000000b 0000000000000000  add      x11, x12, x8
#345 0 000000007002f044     8f01 r 000000000000000e 000000004000179f  c.sub    x14, x8
#346 0 000000007002f046     ca11 r 0000000000000000 0000000000000000  c.beqz   x12, . + 0x14
#347 0 000000007002f05a     70a2 r 0000000000000001 0000000070015f5e  c.ldsp   x1, 0x28
#348 0 000000007002f05c     7402 r 0000000000000008 00000000400017a0  c.ldsp   x8, 0x20
#349 0 000000007002f05e     64e2 r 0000000000000009 0000000060277cb8  c.ldsp   x9, 0x18
#350 0 000000007002f060     69a2 r 0000000000000013 0000000060001470  c.ldsp   x19, 0x8
#351 0 000000007002f062     854a r 000000000000000a 00000000400017a0  c.mv     x10, x18
#352 0 000000007002f064     6942 r 0000000000000012 0000000060279000  c.ldsp   x18, 0x10
#353 0 000000007002f066     6145 r 0000000000000002 000000fffffffd30  c.addi16sp 0x3
#354 0 000000007002f068     8082 r 0000000000000000 0000000000000000  c.jr     x1
#355 0 0000000070015f5e 01048793 r 000000000000000f 0000000060277cc8  addi     x15, x9, 0x10
#356 0 0000000070015f62 fef43823 m 0000000040001790 0000000060277cc8  sd       x15, -0x10(x8)
#357 0 0000000070015f66 60279737 r 000000000000000e 0000000060279000  lui      x14, 0x60279
#358 0 0000000070015f6a 602797b7 r 000000000000000f 0000000060279000  lui      x15, 0x60279
#359 0 0000000070015f6e a8878793 r 000000000000000f 0000000060278a88  addi     x15, x15, -0x578
#360 0 0000000070015f72 a9870713 r 000000000000000e 0000000060278a98  addi     x14, x14, -0x568
#361 0 0000000070015f76     e718 m 0000000060278aa0 0000000060278a98  c.sd     x14, 0x8(x14)
#362 0 0000000070015f78     e318 m 0000000060278a98 0000000060278a98  c.sd     x14, 0x0(x14)
#363 0 0000000070015f7a     e39c m 0000000060278a88 0000000060278a88  c.sd     x15, 0x0(x15)
#364 0 0000000070015f7c 92f43023 m 00000000400010c0 0000000060278a88  sd       x15, -0x6e0(x8)
#365 0 0000000070015f80 92f43423 m 00000000400010c8 0000000060278a88  sd       x15, -0x6d8(x8)
#366 0 0000000070015f84 92040593 r 000000000000000b 00000000400010c0  addi     x11, x8, -0x6e0
#367 0 0000000070015f88     e78c m 0000000060278a90 00000000400010c0  c.sd     x11, 0x8(x15)
#368 0 0000000070015f8a     8222 r 0000000000000004 00000000400017a0  c.mv     x4, x8
#369 0 0000000070015f8c 0ff0000f r 0000000000000000 0000000000000000  fence
#370 0 0000000070015f90     6722 r 000000000000000e 0000000000000000  c.ldsp   x14, 0x8
#371 0 0000000070015f92     e38c m 0000000060278a88 00000000400010c0  c.sd     x11, 0x0(x15)
#372 0 0000000070015f94 04000793 r 000000000000000f 0000000000000040  addi     x15, x0, 0x40
#373 0 0000000070015f98 03b75733 r 000000000000000e 0000000000000000  divu     x14, x14, x27
#374 0 0000000070015f9c     4605 r 000000000000000c 0000000000000001  c.li     x12, 0x1
#375 0 0000000070015f9e 40f4b023 m 00000000602780b8 0000000000000040  sd       x15, 0x400(x9)
#376 0 0000000070015fa2 602797b7 r 000000000000000f 0000000060279000  lui      x15, 0x60279
#377 0 0000000070015fa6 40048513 r 000000000000000a 00000000602780b8  addi     x10, x9, 0x400
#378 0 0000000070015faa 1ac7b823 m 00000000602791b0 0000000000000001  sd       x12, 0x1b0(x15)
#379 0 0000000070015fae 602797b7 r 000000000000000f 0000000060279000  lui      x15, 0x60279
#380 0 0000000070015fb2 1aa7b023 m 00000000602791a0 00000000602780b8  sd       x10, 0x1a0(x15)
#381 0 0000000070015fb6 602797b7 r 000000000000000f 0000000060279000  lui      x15, 0x60279
#382 0 0000000070015fba 1997b023 m 0000000060279180 0000000000000010  sd       x25, 0x180(x15)
#383 0 0000000070015fbe 602797b7 r 000000000000000f 0000000060279000  lui      x15, 0x60279
#384 0 0000000070015fc2 18c7bc23 m 0000000060279198 0000000000000001  sd       x12, 0x198(x15)
#385 0 0000000070015fc6 17893683 r 000000000000000d 0000000000000320  ld       x13, 0x178(x18)
#386 0 0000000070015fca     70e6 r 0000000000000001 0000000070015c24  c.ldsp   x1, 0x78
#387 0 0000000070015fcc     7446 r 0000000000000008 0000000070016070  c.ldsp   x8, 0x70
#388 0 0000000070015fce     06bd r 000000000000000d 000000000000032f  c.addi   x13, 0xf
#389 0 0000000070015fd0 4379b823 m 00000000600018a0 0000000000000000  sd       x23, 0x430(x19)
#390 0 0000000070015fd4 43a9b423 m 0000000060001898 0000000000000000  sd       x26, 0x428(x19)
#391 0 0000000070015fd8 4149bc23 m 0000000060001888 0000000000000000  sd       x20, 0x418(x19)
#392 0 0000000070015fdc 4359b023 m 0000000060001890 0000000000000000  sd       x21, 0x420(x19)
#393 0 0000000070015fe0 4334b423 m 00000000602780e0 0000000060001470  sd       x19, 0x428(x9)
#394 0 0000000070015fe4 44c9b423 m 00000000600018b8 0000000000000001  sd       x12, 0x448(x19)
#395 0 0000000070015fe8     74a6 r 0000000000000009 0000000070016100  c.ldsp   x9, 0x68
#396 0 0000000070015fea     7906 r 0000000000000012 0000000000000000  c.ldsp   x18, 0x60
#397 0 0000000070015fec     69e6 r 0000000000000013 0000000000000000  c.ldsp   x19, 0x58
#398 0 0000000070015fee     6a46 r 0000000000000014 0000000000000000  c.ldsp   x20, 0x50
#399 0 0000000070015ff0     6aa6 r 0000000000000015 00000000ffffffff  c.ldsp   x21, 0x48
#400 0 0000000070015ff2     6b06 r 0000000000000016 000000000000003a  c.ldsp   x22, 0x40
#401 0 0000000070015ff4     7be2 r 0000000000000017 0000000060279000  c.ldsp   x23, 0x38
#402 0 0000000070015ff6     7ca2 r 0000000000000019 0000000000000000  c.ldsp   x25, 0x28
#403 0 0000000070015ff8     7d02 r 000000000000001a 0000000000000000  c.ldsp   x26, 0x20
#404 0 0000000070015ffa 03b707b3 r 000000000000000f 0000000000000000  mul      x15, x14, x27
#405 0 0000000070015ffe     6de2 r 000000000000001b 0000000000000000  c.ldsp   x27, 0x18
#406 0 0000000070016000     97e2 r 000000000000000f 0000000000000000  c.add    x15, x24
#407 0 0000000070016002 00f68733 r 000000000000000e 000000000000032f  add      x14, x13, x15
#408 0 0000000070016006     9b41 r 000000000000000e 0000000000000320  c.andi   x14, -0x10
#409 0 0000000070016008 602796b7 r 000000000000000d 0000000060279000  lui      x13, 0x60279
#410 0 000000007001600c 18e6b823 m 0000000060279190 0000000000000320  sd       x14, 0x190(x13)
#411 0 0000000070016010 60279737 r 000000000000000e 0000000060279000  lui      x14, 0x60279
#412 0 0000000070016014 18f73423 m 0000000060279188 0000000000000000  sd       x15, 0x188(x14)
#413 0 0000000070016018     7c42 r 0000000000000018 0000000000000000  c.ldsp   x24, 0x30
#414 0 000000007001601a     6109 r 0000000000000002 000000fffffffdb0  c.addi16sp 0x8
#415 0 000000007001601c     8082 r 0000000000000000 0000000000000000  c.jr     x1
#416 0 0000000070015c24 600037b7 r 000000000000000f 0000000060003000  lui      x15, 0x60003
#417 0 0000000070015c28 c287b783 r 000000000000000f 0000000000000000  ld       x15, -0x3d8(x15)
#418 0 0000000070015c2c 0017c803 r 0000000000000010 0000000000000000  lbu      x16, 0x1(x15)
#419 0 0000000070015c30 0007c703 r 000000000000000e 0000000000000000  lbu      x14, 0x0(x15)
#420 0 0000000070015c34 0027c503 r 000000000000000a 0000000000000000  lbu      x10, 0x2(x15)
#421 0 0000000070015c38 0037c583 r 000000000000000b 0000000000000000  lbu      x11, 0x3(x15)
#422 0 0000000070015c3c 0047c603 r 000000000000000c 0000000000000000  lbu      x12, 0x4(x15)
#423 0 0000000070015c40     0822 r 0000000000000010 0000000000000000  c.slli   x16, 8
#424 0 0000000070015c42 0057c683 r 000000000000000d 0000000000000000  lbu      x13, 0x5(x15)
#425 0 0000000070015c46 00e86833 r 0000000000000010 0000000000000000  or       x16, x16, x14
#426 0 0000000070015c4a     0542 r 000000000000000a 0000000000000000  c.slli   x10, 16
#427 0 0000000070015c4c 0067c703 r 000000000000000e 0000000000000000  lbu      x14, 0x6(x15)
#428 0 0000000070015c50 01056533 r 000000000000000a 0000000000000000  or       x10, x10, x16
#429 0 0000000070015c54     05e2 r 000000000000000b 0000000000000000  c.slli   x11, 24
#430 0 0000000070015c56 0077c783 r 000000000000000f 0000000000000000  lbu      x15, 0x7(x15)
#431 0 0000000070015c5a     8dc9 r 000000000000000b 0000000000000000  c.or     x11, x10
#432 0 0000000070015c5c     1602 r 000000000000000c 0000000000000000  c.slli   x12, 32
#433 0 0000000070015c5e     8e4d r 000000000000000c 0000000000000000  c.or     x12, x11
#434 0 0000000070015c60     16a2 r 000000000000000d 0000000000000000  c.slli   x13, 40
#435 0 0000000070015c62     8ed1 r 000000000000000d 0000000000000000  c.or     x13, x12
#436 0 0000000070015c64     1742 r 000000000000000e 0000000000000000  c.slli   x14, 48
#437 0 0000000070015c66     8f55 r 000000000000000e 0000000000000000  c.or     x14, x13
#438 0 0000000070015c68     17e2 r 000000000000000f 0000000000000000  c.slli   x15, 56
#439 0 0000000070015c6a     8fd9 r 000000000000000f 0000000000000000  c.or     x15, x14
#440 0 0000000070015c6c f007f793 r 000000000000000f 0000000000000000  andi     x15, x15, -0x100
#441 0 0000000070015c70 60002737 r 000000000000000e 0000000060002000  lui      x14, 0x60002
#442 0 0000000070015c74 20f73423 m 0000000060002208 0000000000000000  sd       x15, 0x208(x14)
#443 0 0000000070015c78 6f41d0ef r 0000000000000001 0000000070015c7c  jal      x1, . + 0x1d6f4
#444 0 000000007003336c     7141 r 0000000000000002 000000fffffffbc0  c.addi16sp -0x1f
#445 0 000000007003336e     00a8 r 000000000000000a 000000fffffffc08  c.addi4spn  x10, 0x12
#446 0 0000000070033370     f786 m 000000fffffffda8 0000000070015c7c  c.sdsp   x1, 0x1e8
#447 0 0000000070033372     f3a2 m 000000fffffffda0 0000000070016070  c.sdsp   x8, 0x1e0
#448 0 0000000070033374     efa6 m 000000fffffffd98 0000000070016100  c.sdsp   x9, 0x1d8
#449 0 0000000070033376 3921a0ef r 0000000000000001 000000007003337a  jal      x1, . + 0x1a392
#450 0 000000007004d708 0a000893 r 0000000000000011 00000000000000a0  addi     x17, x0, 0xa0
#451 0 000000007004d70c 00000073 r 000000000000000a 0000000000000000  ecall
#452 0 000000007004d710     78fd r 0000000000000011 fffffffffffff000  c.lui    x17, 0xfffff
#453 0 000000007004d712 00a8e363 r 0000000000000000 0000000000000000  bltu     x17, x10, . + 0x6
#454 0 000000007004d716     8082 r 0000000000000000 0000000000000000  c.jr     x1
#455 0 000000007003337a 0ca10693 r 000000000000000d 000000fffffffc8a  addi     x13, x2, 0xca
#456 0 000000007003337e     e551 r 0000000000000000 0000000000000000  c.bnez   x10, . + 0x8c
#457 0 0000000070033380     4301 r 0000000000000006 0000000000000000  c.li     x6, 0x0
#458 0 0000000070033382     4501 r 000000000000000a 0000000000000000  c.li     x10, 0x0
#459 0 0000000070033384     48a5 r 0000000000000011 0000000000000009  c.li     x17, 0x9
#460 0 0000000070033386 02e00e13 r 000000000000001c 000000000000002e  addi     x28, x0, 0x2e
#461 0 000000007003338a     4e8d r 000000000000001d 0000000000000003  c.li     x29, 0x3
#462 0 000000007003338c 0006c783 r 000000000000000f 0000000000000035  lbu      x15, 0x0(x13)
#463 0 0000000070033390 fd07879b r 000000000000000f 0000000000000005  addiw    x15, x15, -0x30
#464 0 0000000070033394 0ff7f713 r 000000000000000e 0000000000000005  andi     x14, x15, 0xff
#465 0 0000000070033398 06e8e163 r 0000000000000000 0000000000000000  bltu     x17, x14, . + 0x62
#466 0 000000007003339c 0016c583 r 000000000000000b 000000000000002e  lbu      x11, 0x1(x13)
#467 0 00000000700333a0 0007871b r 000000000000000e 0000000000000005  addiw    x14, x15, 0x0
#468 0 00000000700333a4     0685 r 000000000000000d 000000fffffffc8b  c.addi   x13, 0x1
#469 0 00000000700333a6 fd05861b r 000000000000000c fffffffffffffffe  addiw    x12, x11, -0x30
#470 0 00000000700333aa 0ff67793 r 000000000000000f 00000000000000fe  andi     x15, x12, 0xff
#471 0 00000000700333ae 02f8e263 r 0000000000000000 0000000000000000  bltu     x17, x15, . + 0x24
#472 0 00000000700333d2 0085179b r 000000000000000f 0000000000000000  slliw    x15, x10, 0x8
#473 0 00000000700333d6     8fd9 r 000000000000000f 0000000000000005  c.or     x15, x14
#474 0 00000000700333d8     2305 r 0000000000000006 0000000000000001  c.addiw  x6, 0x1
#475 0 00000000700333da 0007851b r 000000000000000a 0000000000000005  addiw    x10, x15, 0x0
#476 0 00000000700333de     0685 r 000000000000000d 000000fffffffc8c  c.addi   x13, 0x1
#477 0 00000000700333e0 01c59a63 r 0000000000000000 0000000000000000  bne      x11, x28, . + 0x14
#478 0 00000000700333e4 fbd314e3 r 0000000000000000 0000000000000000  bne      x6, x29, . - 0x58
#479 0 000000007003338c 0006c783 r 000000000000000f 0000000000000031  lbu      x15, 0x0(x13)
#480 0 0000000070033390 fd07879b r 000000000000000f 0000000000000001  addiw    x15, x15, -0x30
#481 0 0000000070033394 0ff7f713 r 000000000000000e 0000000000000001  andi     x14, x15, 0xff
#482 0 0000000070033398 06e8e163 r 0000000000000000 0000000000000000  bltu     x17, x14, . + 0x62
#483 0 000000007003339c 0016c583 r 000000000000000b 0000000000000034  lbu      x11, 0x1(x13)
#484 0 00000000700333a0 0007871b r 000000000000000e 0000000000000001  addiw    x14, x15, 0x0
#485 0 00000000700333a4     0685 r 000000000000000d 000000fffffffc8d  c.addi   x13, 0x1
#486 0 00000000700333a6 fd05861b r 000000000000000c 0000000000000004  addiw    x12, x11, -0x30
#487 0 00000000700333aa 0ff67793 r 000000000000000f 0000000000000004  andi     x15, x12, 0xff
#488 0 00000000700333ae 02f8e263 r 0000000000000000 0000000000000000  bltu     x17, x15, . + 0x24
#489 0 00000000700333b2 0016c583 r 000000000000000b 000000000000002e  lbu      x11, 0x1(x13)
#490 0 00000000700333b6 0027179b r 000000000000000f 0000000000000004  slliw    x15, x14, 0x2
#491 0 00000000700333ba     9fb9 r 000000000000000f 0000000000000005  c.addw   x15, x14
#492 0 00000000700333bc 0017979b r 000000000000000f 000000000000000a  slliw    x15, x15, 0x1
#493 0 00000000700333c0 00f6073b r 000000000000000e 000000000000000e  addw     x14, x12, x15
#494 0 00000000700333c4 fd05861b r 000000000000000c fffffffffffffffe  addiw    x12, x11, -0x30
#495 0 00000000700333c8 0ff67813 r 0000000000000010 00000000000000fe  andi     x16, x12, 0xff
#496 0 00000000700333cc     0685 r 000000000000000d 000000fffffffc8e  c.addi   x13, 0x1
#497 0 00000000700333ce ff08f2e3 r 0000000000000000 0000000000000000  bgeu     x17, x16, . - 0x1c
#498 0 00000000700333d2 0085179b r 000000000000000f 0000000000000500  slliw    x15, x10, 0x8
#499 0 00000000700333d6     8fd9 r 000000000000000f 000000000000050e  c.or     x15, x14
#500 0 00000000700333d8     2305 r 0000000000000006 0000000000000002  c.addiw  x6, 0x1
#501 0 00000000700333da 0007851b r 000000000000000a 000000000000050e  addiw    x10, x15, 0x0
#502 0 00000000700333de     0685 r 000000000000000d 000000fffffffc8f  c.addi   x13, 0x1
#503 0 00000000700333e0 01c59a63 r 0000000000000000 0000000000000000  bne      x11, x28, . + 0x14
#504 0 00000000700333e4 fbd314e3 r 0000000000000000 0000000000000000  bne      x6, x29, . - 0x58
#505 0 000000007003338c 0006c783 r 000000000000000f 0000000000000030  lbu      x15, 0x0(x13)
#506 0 0000000070033390 fd07879b r 000000000000000f 0000000000000000  addiw    x15, x15, -0x30
#507 0 0000000070033394 0ff7f713 r 000000000000000e 0000000000000000  andi     x14, x15, 0xff
#508 0 0000000070033398 06e8e163 r 0000000000000000 0000000000000000  bltu     x17, x14, . + 0x62
#509 0 000000007003339c 0016c583 r 000000000000000b 0000000000000000  lbu      x11, 0x1(x13)
#510 0 00000000700333a0 0007871b r 000000000000000e 0000000000000000  addiw    x14, x15, 0x0
#511 0 00000000700333a4     0685 r 000000000000000d 000000fffffffc90  c.addi   x13, 0x1
#512 0 00000000700333a6 fd05861b r 000000000000000c ffffffffffffffd0  addiw    x12, x11, -0x30
#513 0 00000000700333aa 0ff67793 r 000000000000000f 00000000000000d0  andi     x15, x12, 0xff
#514 0 00000000700333ae 02f8e263 r 0000000000000000 0000000000000000  bltu     x17, x15, . + 0x24
#515 0 00000000700333d2 0085179b r 000000000000000f 0000000000050e00  slliw    x15, x10, 0x8
#516 0 00000000700333d6     8fd9 r 000000000000000f 0000000000050e00  c.or     x15, x14
#517 0 00000000700333d8     2305 r 0000000000000006 0000000000000003  c.addiw  x6, 0x1
#518 0 00000000700333da 0007851b r 000000000000000a 0000000000050e00  addiw    x10, x15, 0x0
#519 0 00000000700333de     0685 r 000000000000000d 000000fffffffc91  c.addi   x13, 0x1
#520 0 00000000700333e0 01c59a63 r 0000000000000000 0000000000000000  bne      x11, x28, . + 0x14
#521 0 00000000700333f4     478d r 000000000000000f 0000000000000003  c.li     x15, 0x3
#522 0 00000000700333f6 fef309e3 r 0000000000000000 0000000000000000  beq      x6, x15, . - 0xe
#523 0 00000000700333e8     2501 r 000000000000000a 0000000000050e00  c.addiw  x10, 0x0
#524 0 00000000700333ea     70be r 0000000000000001 0000000070015c7c  c.ldsp   x1, 0x1e8
#525 0 00000000700333ec     741e r 0000000000000008 0000000070016070  c.ldsp   x8, 0x1e0
#526 0 00000000700333ee     64fe r 0000000000000009 0000000070016100  c.ldsp   x9, 0x1d8
#527 0 00000000700333f0     617d r 0000000000000002 000000fffffffdb0  c.addi16sp 0x1f
#528 0 00000000700333f2     8082 r 0000000000000000 0000000000000000  c.jr     x1
#529 0 0000000070015c7c     87aa r 000000000000000f 0000000000050e00  c.mv     x15, x10
#530 0 0000000070015c7e 14054563 r 0000000000000000 0000000000000000  blt      x10, x0, . + 0x14a
#531 0 0000000070015c82 60279737 r 000000000000000e 0000000060279000  lui      x14, 0x60279
#532 0 0000000070015c86 37072683 r 000000000000000d 0000000000000000  lw       x13, 0x370(x14)
#533 0 0000000070015c8a 0005071b r 000000000000000e 0000000000050e00  addiw    x14, x10, 0x0
#534 0 0000000070015c8e 12069a63 r 0000000000000000 0000000000000000  bne      x13, x0, . + 0x134
#535 0 0000000070015c92 602796b7 r 000000000000000d 0000000060279000  lui      x13, 0x60279
#536 0 0000000070015c96 36e6a823 m 0000000060279370 0000000000050e00  sw       x14, 0x370(x13)
#537 0 0000000070015c9a 00041737 r 000000000000000e 0000000000041000  lui      x14, 0x41
#538 0 0000000070015c9e eff70713 r 000000000000000e 0000000000040eff  addi     x14, x14, -0x101
#539 0 0000000070015ca2 0ef75263 r 0000000000000000 0000000000000000  bge      x14, x15, . + 0xe4
#540 0 0000000070015ca6 00000793 r 000000000000000f 0000000000000000  addi     x15, x0, 0x0
#541 0 0000000070015caa     c789 r 0000000000000000 0000000000000000  c.beqz   x15, . + 0xa
#542 0 0000000070015cb4 600037b7 r 000000000000000f 0000000060003000  lui      x15, 0x60003
#543 0 0000000070015cb8 c287b783 r 000000000000000f 0000000000000000  ld       x15, -0x3d8(x15)
#544 0 0000000070015cbc 00e7c703 r 000000000000000e 0000000000000000  lbu      x14, 0xe(x15)
#545 0 0000000070015cc0 0087c883 r 0000000000000011 0000000000000000  lbu      x17, 0x8(x15)
#546 0 0000000070015cc4 0097c803 r 0000000000000010 0000000000000000  lbu      x16, 0x9(x15)
#547 0 0000000070015cc8 00a7c503 r 000000000000000a 0000000000000000  lbu      x10, 0xa(x15)
#548 0 0000000070015ccc 00b7c583 r 000000000000000b 0000000000000000  lbu      x11, 0xb(x15)
#549 0 0000000070015cd0 00c7c603 r 000000000000000c 0000000000000000  lbu      x12, 0xc(x15)
#550 0 0000000070015cd4 00d7c683 r 000000000000000d 0000000000000000  lbu      x13, 0xd(x15)
#551 0 0000000070015cd8 00f7c783 r 000000000000000f 0000000000000000  lbu      x15, 0xf(x15)
#552 0 0000000070015cdc 03110423 m 000000fffffffdd8 0000000000000000  sb       x17, 0x28(x2)
#553 0 0000000070015ce0 030104a3 m 000000fffffffdd9 0000000000000000  sb       x16, 0x29(x2)
#554 0 0000000070015ce4 02f107a3 m 000000fffffffddf 0000000000000000  sb       x15, 0x2f(x2)
#555 0 0000000070015ce8 02a10523 m 000000fffffffdda 0000000000000000  sb       x10, 0x2a(x2)
#556 0 0000000070015cec 02b105a3 m 000000fffffffddb 0000000000000000  sb       x11, 0x2b(x2)
#557 0 0000000070015cf0 02c10623 m 000000fffffffddc 0000000000000000  sb       x12, 0x2c(x2)
#558 0 0000000070015cf4 02d106a3 m 000000fffffffddd 0000000000000000  sb       x13, 0x2d(x2)
#559 0 0000000070015cf8 02e10723 m 000000fffffffdde 0000000000000000  sb       x14, 0x2e(x2)
#560 0 0000000070015cfc     7722 r 000000000000000e 0000000000000000  c.ldsp   x14, 0x28
#561 0 0000000070015cfe 600027b7 r 000000000000000f 0000000060002000  lui      x15, 0x60002
#562 0 0000000070015d02 20e7b823 m 0000000060002210 0000000000000000  sd       x14, 0x210(x15)
#563 0 0000000070015d06 00098763 r 0000000000000000 0000000000000000  beq      x19, x0, . + 0xe
#564 0 0000000070015d14     4505 r 000000000000000a 0000000000000001  c.li     x10, 0x1
#565 0 0000000070015d16 1311d0ef r 0000000000000001 0000000070015d1a  jal      x1, . + 0x1d930
#566 0 0000000070033646     1141 r 0000000000000002 000000fffffffda0  c.addi   x2, -0x10
#567 0 0000000070033648     e022 m 000000fffffffda0 0000000070016070  c.sdsp   x8, 0x0
#568 0 000000007003364a     e406 m 000000fffffffda8 0000000070015d1a  c.sdsp   x1, 0x8
#569 0 000000007003364c     842a r 0000000000000008 0000000000000001  c.mv     x8, x10
#570 0 000000007003364e dc3e20ef r 0000000000000001 0000000070033652  jal      x1, . - 0x1d23e
#571 0 0000000070016410 effec797 r 000000000000000f 0000000060002410  auipc    x15, 0xeffec
#572 0 0000000070016414 bc07b783 r 000000000000000f 0000000000000000  ld       x15, -0x440(x15)
#573 0 0000000070016418 effec597 r 000000000000000b 0000000060002418  auipc    x11, 0xeffec
#574 0 000000007001641c be85b583 r 000000000000000b 0000000000000018  ld       x11, -0x418(x11)
#575 0 0000000070016420 effec697 r 000000000000000d 0000000060002420  auipc    x13, 0xeffec
#576 0 0000000070016424 c086b683 r 000000000000000d 0000000000000010  ld       x13, -0x3f8(x13)
#577 0 0000000070016428     9792 r 000000000000000f 00000000400017a0  c.add    x15, x4
#578 0 000000007001642a     639c r 000000000000000f 0000000000000000  c.ld     x15, 0x0(x15)
#579 0 000000007001642c     9592 r 000000000000000b 00000000400017b8  c.add    x11, x4
#580 0 000000007001642e     9692 r 000000000000000d 00000000400017b0  c.add    x13, x4
#581 0 0000000070016430     6398 r 000000000000000e 0000000000000000  c.ld     x14, 0x0(x15)
#582 0 0000000070016432 effec797 r 000000000000000f 0000000060002432  auipc    x15, 0xeffec
#583 0 0000000070016436 b8e7b783 r 000000000000000f 0000000000000008  ld       x15, -0x472(x15)
#584 0 000000007001643a     6328 r 000000000000000a 0000000000000000  c.ld     x10, 0x40(x14)
#585 0 000000007001643c     6730 r 000000000000000c 0000000000000000  c.ld     x12, 0x48(x14)
#586 0 000000007001643e     6f38 r 000000000000000e 0000000000000000  c.ld     x14, 0x58(x14)
#587 0 0000000070016440     9792 r 000000000000000f 00000000400017a8  c.add    x15, x4
#588 0 0000000070016442 10050513 r 000000000000000a 0000000000000100  addi     x10, x10, 0x100
#589 0 0000000070016446 20060613 r 000000000000000c 0000000000000200  addi     x12, x12, 0x200
#590 0 000000007001644a 20070713 r 000000000000000e 0000000000000200  addi     x14, x14, 0x200
#591 0 000000007001644e     e188 m 00000000400017b8 0000000000000100  c.sd     x10, 0x0(x11)
#592 0 0000000070016450     e290 m 00000000400017b0 0000000000000200  c.sd     x12, 0x0(x13)
#593 0 0000000070016452     e398 m 00000000400017a8 0000000000000200  c.sd     x14, 0x0(x15)
#594 0 0000000070016454     8082 r 0000000000000000 0000000000000000  c.jr     x1
#595 0 0000000070033652 600027b7 r 000000000000000f 0000000060002000  lui      x15, 0x60002
#596 0 0000000070033656     60a2 r 0000000000000001 0000000070015d1a  c.ldsp   x1, 0x8
#597 0 0000000070033658 f6878023 m 0000000060001f60 0000000000000001  sb       x8, -0xa0(x15)
#598 0 000000007003365c     6402 r 0000000000000008 0000000070016070  c.ldsp   x8, 0x0
#599 0 000000007003365e     0141 r 0000000000000002 000000fffffffdb0  c.addi   x2, 0x10
#600 0 0000000070033660     8082 r 0000000000000000 0000000000000000  c.jr     x1
#601 0 0000000070015d1a 602797b7 r 000000000000000f 0000000060279000  lui      x15, 0x60279
#602 0 0000000070015d1e 2f87b603 r 000000000000000c 000000ffffffff38  ld       x12, 0x2f8(x15)
#603 0 0000000070015d22     65c2 r 000000000000000b 000000ffffffff28  c.ldsp   x11, 0x10
#604 0 0000000070015d24     6522 r 000000000000000a 0000000000000001  c.ldsp   x10, 0x8
#605 0 0000000070015d26 13d1d0ef r 0000000000000001 0000000070015d2a  jal      x1, . + 0x1d93c
#606 0 0000000070033662 602797b7 r 000000000000000f 0000000060279000  lui      x15, 0x60279
#607 0 0000000070033666 3ea7a023 m 00000000602793e0 0000000000000001  sw       x10, 0x3e0(x15)
#608 0 000000007003366a 602797b7 r 000000000000000f 0000000060279000  lui      x15, 0x60279
#609 0 000000007003366e     1101 r 0000000000000002 000000fffffffd90  c.addi   x2, -0x20
#610 0 0000000070033670 3cb7bc23 m 00000000602793d8 000000ffffffff28  sd       x11, 0x3d8(x15)
#611 0 0000000070033674 602797b7 r 000000000000000f 0000000060279000  lui      x15, 0x60279
#612 0 0000000070033678     e822 m 000000fffffffda0 0000000070016070  c.sdsp   x8, 0x10
#613 0 000000007003367a     e426 m 000000fffffffd98 0000000070016100  c.sdsp   x9, 0x8
#614 0 000000007003367c     e04a m 000000fffffffd90 0000000000000000  c.sdsp   x18, 0x0
#615 0 000000007003367e     ec06 m 000000fffffffda8 0000000070015d2a  c.sdsp   x1, 0x18
#616 0 0000000070033680     842a r 0000000000000008 0000000000000001  c.mv     x8, x10
#617 0 0000000070033682     84ae r 0000000000000009 000000ffffffff28  c.mv     x9, x11
#618 0 0000000070033684     8932 r 0000000000000012 000000ffffffff38  c.mv     x18, x12
#619 0 0000000070033686 2ec7bc23 m 00000000602792f8 000000ffffffff38  sd       x12, 0x2f8(x15)
#620 0 000000007003368a cf0ff0ef r 0000000000000001 000000007003368e  jal      x1, . - 0xb10
#621 0 0000000070032b7a     7135 r 0000000000000002 000000fffffffcf0  c.addi16sp -0xa
#622 0 0000000070032b7c     ed06 m 000000fffffffd88 000000007003368e  c.sdsp   x1, 0x98
#623 0 0000000070032b7e     e526 m 000000fffffffd78 000000ffffffff28  c.sdsp   x9, 0x88
#624 0 0000000070032b80     e14a m 000000fffffffd70 000000ffffffff38  c.sdsp   x18, 0x80
#625 0 0000000070032b82     fcce m 000000fffffffd68 0000000000000000  c.sdsp   x19, 0x78
#626 0 0000000070032b84     f8d2 m 000000fffffffd60 0000000000000000  c.sdsp   x20, 0x70
#627 0 0000000070032b86     e922 m 000000fffffffd80 0000000000000001  c.sdsp   x8, 0x90
#628 0 0000000070032b88     f4d6 m 000000fffffffd58 00000000ffffffff  c.sdsp   x21, 0x68
#629 0 0000000070032b8a     f0da m 000000fffffffd50 000000000000003a  c.sdsp   x22, 0x60
#630 0 0000000070032b8c     ecde m 000000fffffffd48 0000000060279000  c.sdsp   x23, 0x58
#631 0 0000000070032b8e     e8e2 m 000000fffffffd40 0000000000000000  c.sdsp   x24, 0x50
#632 0 0000000070032b90     e4e6 m 000000fffffffd38 0000000000000000  c.sdsp   x25, 0x48
#633 0 0000000070032b92     e0ea m 000000fffffffd30 0000000000000000  c.sdsp   x26, 0x40
#634 0 0000000070032b94 60279937 r 0000000000000012 0000000060279000  lui      x18, 0x60279
#635 0 0000000070032b98 288200ef r 0000000000000001 0000000070032b9c  jal      x1, . + 0x20288
#636 0 0000000070052e20     737d r 0000000000000006 fffffffffffff000  c.lui    x6, 0xfffff
#637 0 0000000070052e22     7179 r 0000000000000002 000000fffffffcc0  c.addi16sp -0x3
#638 0 0000000070052e24     0341 r 0000000000000006 fffffffffffff010  c.addi   x6, 0x10
#639 0 0000000070052e26     f406 m 000000fffffffce8 0000000070032b9c  c.sdsp   x1, 0x28
#640 0 0000000070052e28     f022 m 000000fffffffce0 0000000000000001  c.sdsp   x8, 0x20
#641 0 0000000070052e2a     ec26 m 000000fffffffcd8 000000ffffffff28  c.sdsp   x9, 0x18
#642 0 0000000070052e2c     e84a m 000000fffffffcd0 0000000060279000  c.sdsp   x18, 0x10
#643 0 0000000070052e2e 111365b7 r 000000000000000b 0000000011136000  lui      x11, 0x11136
#644 0 0000000070052e32     911a r 0000000000000002 000000ffffffecd0  c.add    x2, x6
#645 0 0000000070052e34     77fd r 000000000000000f fffffffffffff000  c.lui    x15, 0xfffff
#646 0 0000000070052e36 04e00893 r 0000000000000011 000000000000004e  addi     x17, x0, 0x4e
#647 0 0000000070052e3a f9c00513 r 000000000000000a ffffffffffffff9c  addi     x10, x0, -0x64
#648 0 0000000070052e3e 18058593 r 000000000000000b 0000000011136180  addi     x11, x11, 0x180
#649 0 0000000070052e42     860a r 000000000000000c 000000ffffffecd0  c.mv     x12, x2
#650 0 0000000070052e44     6685 r 000000000000000d 0000000000001000  c.lui    x13, 0x1
#651 0 0000000070052e46 00000073 r 000000000000000a 0000000000000025  ecall
#652 0 0000000070052e4a     2501 r 000000000000000a 0000000000000025  c.addiw  x10, 0x0
#653 0 0000000070052e4c 04a7ea63 r 0000000000000000 0000000000000000  bltu     x15, x10, . + 0x54
#654 0 0000000070052e50     872a r 000000000000000e 0000000000000025  c.mv     x14, x10
#655 0 0000000070052e52 04a05763 r 0000000000000000 0000000000000000  bge      x0, x10, . + 0x4e
#656 0 0000000070052e56 00014683 r 000000000000000d 000000000000002f  lbu      x13, 0x0(x2)
#657 0 0000000070052e5a 05b00793 r 000000000000000f 000000000000005b  addi     x15, x0, 0x5b
#658 0 0000000070052e5e 04f68163 r 0000000000000000 0000000000000000  beq      x13, x15, . + 0x42
#659 0 0000000070052e62 02f00813 r 0000000000000010 000000000000002f  addi     x16, x0, 0x2f
#660 0 0000000070052e66 00a107b3 r 000000000000000f 000000ffffffecf5  add      x15, x2, x10
#661 0 0000000070052e6a     4605 r 000000000000000c 0000000000000001  c.li     x12, 0x1
#662 0 0000000070052e6c 02f00593 r 000000000000000b 000000000000002f  addi     x11, x0, 0x2f
#663 0 0000000070052e70 0b069a63 r 0000000000000000 0000000000000000  bne      x13, x16, . + 0xb4
#664 0 0000000070052e74 00c70c63 r 0000000000000000 0000000000000000  beq      x14, x12, . + 0x18
#665 0 0000000070052e78 fff7c683 r 000000000000000d 0000000000000034  lbu      x13, -0x1(x15)
#666 0 0000000070052e7c fff7049b r 0000000000000009 0000000000000024  addiw    x9, x14, -0x1
#667 0 0000000070052e80     17fd r 000000000000000f 000000ffffffecf4  c.addi   x15, -0x1
#668 0 0000000070052e82 08b68063 r 0000000000000000 0000000000000000  beq      x13, x11, . + 0x80
#669 0 0000000070052e86     8726 r 000000000000000e 0000000000000024  c.mv     x14, x9
#670 0 0000000070052e88 fec718e3 r 0000000000000000 0000000000000000  bne      x14, x12, . - 0x10
#671 0 0000000070052e78 fff7c683 r 000000000000000d 0000000000000037  lbu      x13, -0x1(x15)
#672 0 0000000070052e7c fff7049b r 0000000000000009 0000000000000023  addiw    x9, x14, -0x1
#673 0 0000000070052e80     17fd r 000000000000000f 000000ffffffecf3  c.addi   x15, -0x1
#674 0 0000000070052e82 08b68063 r 0000000000000000 0000000000000000  beq      x13, x11, . + 0x80
#675 0 0000000070052e86     8726 r 000000000000000e 0000000000000023  c.mv     x14, x9
#676 0 0000000070052e88 fec718e3 r 0000000000000000 0000000000000000  bne      x14, x12, . - 0x10
#677 0 0000000070052e78 fff7c683 r 000000000000000d 0000000000000036  lbu      x13, -0x1(x15)
#678 0 0000000070052e7c fff7049b r 0000000000000009 0000000000000022  addiw    x9, x14, -0x1
#679 0 0000000070052e80     17fd r 000000000000000f 000000ffffffecf2  c.addi   x15, -0x1
#680 0 0000000070052e82 08b68063 r 0000000000000000 0000000000000000  beq      x13, x11, . + 0x80
#681 0 0000000070052e86     8726 r 000000000000000e 0000000000000022  c.mv     x14, x9
#682 0 0000000070052e88 fec718e3 r 0000000000000000 0000000000000000  bne      x14, x12, . - 0x10
#683 0 0000000070052e78 fff7c683 r 000000000000000d 000000000000002e  lbu      x13, -0x1(x15)
#684 0 0000000070052e7c fff7049b r 0000000000000009 0000000000000021  addiw    x9, x14, -0x1
#685 0 0000000070052e80     17fd r 000000000000000f 000000ffffffecf1  c.addi   x15, -0x1
#686 0 0000000070052e82 08b68063 r 0000000000000000 0000000000000000  beq      x13, x11, . + 0x80
#687 0 0000000070052e86     8726 r 000000000000000e 0000000000000021  c.mv     x14, x9
#688 0 0000000070052e88 fec718e3 r 0000000000000000 0000000000000000  bne      x14, x12, . - 0x10
#689 0 0000000070052e78 fff7c683 r 000000000000000d 0000000000000031  lbu      x13, -0x1(x15)
#690 0 0000000070052e7c fff7049b r 0000000000000009 0000000000000020  addiw    x9, x14, -0x1
#691 0 0000000070052e80     17fd r 000000000000000f 000000ffffffecf0  c.addi   x15, -0x1
#692 0 0000000070052e82 08b68063 r 0000000000000000 0000000000000000  beq      x13, x11, . + 0x80
#693 0 0000000070052e86     8726 r 000000000000000e 0000000000000020  c.mv     x14, x9
#694 0 0000000070052e88 fec718e3 r 0000000000000000 0000000000000000  bne      x14, x12, . - 0x10
#695 0 0000000070052e78 fff7c683 r 000000000000000d 000000000000002c  lbu      x13, -0x1(x15)
#696 0 0000000070052e7c fff7049b r 0000000000000009 000000000000001f  addiw    x9, x14, -0x1
#697 0 0000000070052e80     17fd r 000000000000000f 000000ffffffecef  c.addi   x15, -0x1
#698 0 0000000070052e82 08b68063 r 0000000000000000 0000000000000000  beq      x13, x11, . + 0x80
#699 0 0000000070052e86     8726 r 000000000000000e 000000000000001f  c.mv     x14, x9
#700 0 0000000070052e88 fec718e3 r 0000000000000000 0000000000000000  bne      x14, x12, . - 0x10
#701 0 0000000070052e78 fff7c683 r 000000000000000d 0000000000000072  lbu      x13, -0x1(x15)
#702 0 0000000070052e7c fff7049b r 0000000000000009 000000000000001e  addiw    x9, x14, -0x1
#703 0 0000000070052e80     17fd r 000000000000000f 000000ffffffecee  c.addi   x15, -0x1
#704 0 0000000070052e82 08b68063 r 0000000000000000 0000000000000000  beq      x13, x11, . + 0x80
#705 0 0000000070052e86     8726 r 000000000000000e 000000000000001e  c.mv     x14, x9
#706 0 0000000070052e88 fec718e3 r 0000000000000000 0000000000000000  bne      x14, x12, . - 0x10
#707 0 0000000070052e78 fff7c683 r 000000000000000d 0000000000000065  lbu      x13, -0x1(x15)
#708 0 0000000070052e7c fff7049b r 0000000000000009 000000000000001d  addiw    x9, x14, -0x1
#709 0 0000000070052e80     17fd r 000000000000000f 000000ffffffeced  c.addi   x15, -0x1
#710 0 0000000070052e82 08b68063 r 0000000000000000 0000000000000000  beq      x13, x11, . + 0x80
#711 0 0000000070052e86     8726 r 000000000000000e 000000000000001d  c.mv     x14, x9
#712 0 0000000070052e88 fec718e3 r 0000000000000000 0000000000000000  bne      x14, x12, . - 0x10
#713 0 0000000070052e78 fff7c683 r 000000000000000d 0000000000000070  lbu      x13, -0x1(x15)
#714 0 0000000070052e7c fff7049b r 0000000000000009 000000000000001c  addiw    x9, x14, -0x1
#715 0 0000000070052e80     17fd r 000000000000000f 000000ffffffecec  c.addi   x15, -0x1
#716 0 0000000070052e82 08b68063 r 0000000000000000 0000000000000000  beq      x13, x11, . + 0x80
#717 0 0000000070052e86     8726 r 000000000000000e 000000000000001c  c.mv     x14, x9
#718 0 0000000070052e88 fec718e3 r 0000000000000000 0000000000000000  bne      x14, x12, . - 0x10
#719 0 0000000070052e78 fff7c683 r 000000000000000d 0000000000000073  lbu      x13, -0x1(x15)
#720 0 0000000070052e7c fff7049b r 0000000000000009 000000000000001b  addiw    x9, x14, -0x1
#721 0 0000000070052e80     17fd r 000000000000000f 000000ffffffeceb  c.addi   x15, -0x1
#722 0 0000000070052e82 08b68063 r 0000000000000000 0000000000000000  beq      x13, x11, . + 0x80
#723 0 0000000070052e86     8726 r 000000000000000e 000000000000001b  c.mv     x14, x9
#724 0 0000000070052e88 fec718e3 r 0000000000000000 0000000000000000  bne      x14, x12, . - 0x10
#725 0 0000000070052e78 fff7c683 r 000000000000000d 0000000000000069  lbu      x13, -0x1(x15)
#726 0 0000000070052e7c fff7049b r 0000000000000009 000000000000001a  addiw    x9, x14, -0x1
#727 0 0000000070052e80     17fd r 000000000000000f 000000ffffffecea  c.addi   x15, -0x1
#728 0 0000000070052e82 08b68063 r 0000000000000000 0000000000000000  beq      x13, x11, . + 0x80
#729 0 0000000070052e86     8726 r 000000000000000e 000000000000001a  c.mv     x14, x9
#730 0 0000000070052e88 fec718e3 r 0000000000000000 0000000000000000  bne      x14, x12, . - 0x10
#731 0 0000000070052e78 fff7c683 r 000000000000000d 0000000000000068  lbu      x13, -0x1(x15)
#732 0 0000000070052e7c fff7049b r 0000000000000009 0000000000000019  addiw    x9, x14, -0x1
#733 0 0000000070052e80     17fd r 000000000000000f 000000ffffffece9  c.addi   x15, -0x1
#734 0 0000000070052e82 08b68063 r 0000000000000000 0000000000000000  beq      x13, x11, . + 0x80
#735 0 0000000070052e86     8726 r 000000000000000e 0000000000000019  c.mv     x14, x9
#736 0 0000000070052e88 fec718e3 r 0000000000000000 0000000000000000  bne      x14, x12, . - 0x10
#737 0 0000000070052e78 fff7c683 r 000000000000000d 0000000000000077  lbu      x13, -0x1(x15)
#738 0 0000000070052e7c fff7049b r 0000000000000009 0000000000000018  addiw    x9, x14, -0x1
#739 0 0000000070052e80     17fd r 000000000000000f 000000ffffffece8  c.addi   x15, -0x1
#740 0 0000000070052e82 08b68063 r 0000000000000000 0000000000000000  beq      x13, x11, . + 0x80
#741 0 0000000070052e86     8726 r 000000000000000e 0000000000000018  c.mv     x14, x9
#742 0 0000000070052e88 fec718e3 r 0000000000000000 0000000000000000  bne      x14, x12, . - 0x10
#743 0 0000000070052e78 fff7c683 r 000000000000000d 000000000000002f  lbu      x13, -0x1(x15)
#744 0 0000000070052e7c fff7049b r 0000000000000009 0000000000000017  addiw    x9, x14, -0x1
#745 0 0000000070052e80     17fd r 000000000000000f 000000ffffffece7  c.addi   x15, -0x1
#746 0 0000000070052e82 08b68063 r 0000000000000000 0000000000000000  beq      x13, x11, . + 0x80
#747 0 0000000070052f02 0017051b r 000000000000000a 0000000000000019  addiw    x10, x14, 0x1
#748 0 0000000070052f06 bd3d90ef r 0000000000000001 0000000070052f0a  jal      x1, . - 0x2642e
#749 0 000000007002cad8 600027b7 r 000000000000000f 0000000060002000  lui      x15, 0x60002
#750 0 000000007002cadc ea87b783 r 000000000000000f 000000007002cd16  ld       x15, -0x158(x15)
#751 0 000000007002cae0 16079b63 r 0000000000000000 0000000000000000  bne      x15, x0, . + 0x176
#752 0 000000007002cc56     8586 r 000000000000000b 0000000070052f0a  c.mv     x11, x1
#753 0 000000007002cc58     8782 r 0000000000000000 0000000000000000  c.jr     x15
#754 0 000000007002cd16 600027b7 r 000000000000000f 0000000060002000  lui      x15, 0x60002
#755 0 000000007002cd1a e8c7a783 r 000000000000000f ffffffffffffffff  lw       x15, -0x174(x15)
#756 0 000000007002cd1e 60002737 r 000000000000000e 0000000060002000  lui      x14, 0x60002
#757 0 000000007002cd22 ea073423 m 0000000060001ea8 0000000000000000  sd       x0, -0x158(x14)
#758 0 000000007002cd26 0007c363 r 0000000000000000 0000000000000000  blt      x15, x0, . + 0x6
#759 0 000000007002cd2c     1101 r 0000000000000002 000000ffffffecb0  c.addi   x2, -0x20
#760 0 000000007002cd2e     ec06 m 000000ffffffecc8 0000000070052f0a  c.sdsp   x1, 0x18
#761 0 000000007002cd30     e42a m 000000ffffffecb8 0000000000000019  c.sdsp   x10, 0x8
#762 0 000000007002cd32 f12fe0ef r 0000000000000001 000000007002cd36  jal      x1, . - 0x18ee
#763 0 000000007002b444 effd7717 r 000000000000000e 0000000060002444  auipc    x14, 0xeffd7
#764 0 000000007002b448 b3c73703 r 000000000000000e 0000000000000030  ld       x14, -0x4c4(x14)
#765 0 000000007002b44c     1101 r 0000000000000002 000000ffffffec90  c.addi   x2, -0x20
#766 0 000000007002b44e 600016b7 r 000000000000000d 0000000060001000  lui      x13, 0x60001
#767 0 000000007002b452     e822 m 000000ffffffeca0 0000000000000001  c.sdsp   x8, 0x10
#768 0 000000007002b454 bd868693 r 000000000000000d 0000000060000bd8  addi     x13, x13, -0x428
#769 0 000000007002b458     9712 r 000000000000000e 00000000400017d0  c.add    x14, x4
#770 0 000000007002b45a     ec06 m 000000ffffffeca8 000000007002cd36  c.sdsp   x1, 0x18
#771 0 000000007002b45c     e314 m 00000000400017d0 0000000060000bd8  c.sd     x13, 0x0(x14)
#772 0 000000007002b45e     6705 r 000000000000000e 0000000000001000  c.lui    x14, 0x1
#773 0 000000007002b460 600017b7 r 000000000000000f 0000000060001000  lui      x15, 0x60001
#774 0 000000007002b464 60002437 r 0000000000000008 0000000060002000  lui      x8, 0x60002
#775 0 000000007002b468 85070713 r 000000000000000e 0000000000000850  addi     x14, x14, -0x7b0
#776 0 000000007002b46c c3878813 r 0000000000000010 0000000060000c38  addi     x16, x15, -0x3c8
#777 0 000000007002b470 e8042623 m 0000000060001e8c 0000000000000000  sw       x0, -0x174(x8)
#778 0 000000007002b474 c3878793 r 000000000000000f 0000000060000c38  addi     x15, x15, -0x3c8
#779 0 000000007002b478     9736 r 000000000000000e 0000000060001428  c.add    x14, x13
#780 0 000000007002b47a     ef9c m 0000000060000c50 0000000060000c38  c.sd     x15, 0x18(x15)
#781 0 000000007002b47c     eb9c m 0000000060000c48 0000000060000c38  c.sd     x15, 0x10(x15)
#782 0 000000007002b47e     07c1 r 000000000000000f 0000000060000c48  c.addi   x15, 0x10
#783 0 000000007002b480 fee79de3 r 0000000000000000 0000000000000000  bne      x15, x14, . - 0x6
#784 0 000000007002b47a     ef9c m 0000000060000c60 0000000060000c48  c.sd     x15, 0x18(x15)
#785 0 000000007002b47c     eb9c m 0000000060000c58 0000000060000c48  c.sd     x15, 0x10(x15)
#786 0 000000007002b47e     07c1 r 000000000000000f 0000000060000c58  c.addi   x15, 0x10
#787 0 000000007002b480 fee79de3 r 0000000000000000 0000000000000000  bne      x15, x14, . - 0x6
#788 0 000000007002b47a     ef9c m 0000000060000c70 0000000060000c58  c.sd     x15, 0x18(x15)
#789 0 000000007002b47c     eb9c m 0000000060000c68 0000000060000c58  c.sd     x15, 0x10(x15)
#790 0 000000007002b47e     07c1 r 000000000000000f 0000000060000c68  c.addi   x15, 0x10
#791 0 000000007002b480 fee79de3 r 0000000000000000 0000000000000000  bne      x15, x14, . - 0x6
#792 0 000000007002b47a     ef9c m 0000000060000c80 0000000060000c68  c.sd     x15, 0x18(x15)
#793 0 000000007002b47c     eb9c m 0000000060000c78 0000000060000c68  c.sd     x15, 0x10(x15)
#794 0 000000007002b47e     07c1 r 000000000000000f 0000000060000c78  c.addi   x15, 0x10
#795 0 000000007002b480 fee79de3 r 0000000000000000 0000000000000000  bne      x15, x14, . - 0x6
#796 0 000000007002b47a     ef9c m 0000000060000c90 0000000060000c78  c.sd     x15, 0x18(x15)
#797 0 000000007002b47c     eb9c m 0000000060000c88 0000000060000c78  c.sd     x15, 0x10(x15)
#798 0 000000007002b47e     07c1 r 000000000000000f 0000000060000c88  c.addi   x15, 0x10
#799 0 000000007002b480 fee79de3 r 0000000000000000 0000000000000000  bne      x15, x14, . - 0x6
#800 0 000000007002b47a     ef9c m 0000000060000ca0 0000000060000c88  c.sd     x15, 0x18(x15)
#801 0 000000007002b47c     eb9c m 0000000060000c98 0000000060000c88  c.sd     x15, 0x10(x15)
#802 0 000000007002b47e     07c1 r 000000000000000f 0000000060000c98  c.addi   x15, 0x10
#803 0 000000007002b480 fee79de3 r 0000000000000000 0000000000000000  bne      x15, x14, . - 0x6
#804 0 000000007002b47a     ef9c m 0000000060000cb0 0000000060000c98  c.sd     x15, 0x18(x15)
#805 0 000000007002b47c     eb9c m 0000000060000ca8 0000000060000c98  c.sd     x15, 0x10(x15)
#806 0 000000007002b47e     07c1 r 000000000000000f 0000000060000ca8  c.addi   x15, 0x10
#807 0 000000007002b480 fee79de3 r 0000000000000000 0000000000000000  bne      x15, x14, . - 0x6
#808 0 000000007002b47a     ef9c m 0000000060000cc0 0000000060000ca8  c.sd     x15, 0x18(x15)
#809 0 000000007002b47c     eb9c m 0000000060000cb8 0000000060000ca8  c.sd     x15, 0x10(x15)
#810 0 000000007002b47e     07c1 r 000000000000000f 0000000060000cb8  c.addi   x15, 0x10
#811 0 000000007002b480 fee79de3 r 0000000000000000 0000000000000000  bne      x15, x14, . - 0x6
#812 0 000000007002b47a     ef9c m 0000000060000cd0 0000000060000cb8  c.sd     x15, 0x18(x15)
#813 0 000000007002b47c     eb9c m 0000000060000cc8 0000000060000cb8  c.sd     x15, 0x10(x15)
#814 0 000000007002b47e     07c1 r 000000000000000f 0000000060000cc8  c.addi   x15, 0x10
#815 0 000000007002b480 fee79de3 r 0000000000000000 0000000000000000  bne      x15, x14, . - 0x6
#816 0 000000007002b47a     ef9c m 0000000060000ce0 0000000060000cc8  c.sd     x15, 0x18(x15)
#817 0 000000007002b47c     eb9c m 0000000060000cd8 0000000060000cc8  c.sd     x15, 0x10(x15)
#818 0 000000007002b47e     07c1 r 000000000000000f 0000000060000cd8  c.addi   x15, 0x10
#819 0 000000007002b480 fee79de3 r 0000000000000000 0000000000000000  bne      x15, x14, . - 0x6
#820 0 000000007002b47a     ef9c m 0000000060000cf0 0000000060000cd8  c.sd     x15, 0x18(x15)
#821 0 000000007002b47c     eb9c m 0000000060000ce8 0000000060000cd8  c.sd     x15, 0x10(x15)
#822 0 000000007002b47e     07c1 r 000000000000000f 0000000060000ce8  c.addi   x15, 0x10
#823 0 000000007002b480 fee79de3 r 0000000000000000 0000000000000000  bne      x15, x14, . - 0x6
#824 0 000000007002b47a     ef9c m 0000000060000d00 0000000060000ce8  c.sd     x15, 0x18(x15)
#825 0 000000007002b47c     eb9c m 0000000060000cf8 0000000060000ce8  c.sd     x15, 0x10(x15)
#826 0 000000007002b47e     07c1 r 000000000000000f 0000000060000cf8  c.addi   x15, 0x10
#827 0 000000007002b480 fee79de3 r 0000000000000000 0000000000000000  bne      x15, x14, . - 0x6
#828 0 000000007002b47a     ef9c m 0000000060000d10 0000000060000cf8  c.sd     x15, 0x18(x15)
#829 0 000000007002b47c     eb9c m 0000000060000d08 0000000060000cf8  c.sd     x15, 0x10(x15)
#830 0 000000007002b47e     07c1 r 000000000000000f 0000000060000d08  c.addi   x15, 0x10
#831 0 000000007002b480 fee79de3 r 0000000000000000 0000000000000000  bne      x15, x14, . - 0x6
#832 0 000000007002b47a     ef9c m 0000000060000d20 0000000060000d08  c.sd     x15, 0x18(x15)
#833 0 000000007002b47c     eb9c m 0000000060000d18 0000000060000d08  c.sd     x15, 0x10(x15)
#834 0 000000007002b47e     07c1 r 000000000000000f 0000000060000d18  c.addi   x15, 0x10
#835 0 000000007002b480 fee79de3 r 0000000000000000 0000000000000000  bne      x15, x14, . - 0x6
#836 0 000000007002b47a     ef9c m 0000000060000d30 0000000060000d18  c.sd     x15, 0x18(x15)
#837 0 000000007002b47c     eb9c m 0000000060000d28 0000000060000d18  c.sd     x15, 0x10(x15)
#838 0 000000007002b47e     07c1 r 000000000000000f 0000000060000d28  c.addi   x15, 0x10
#839 0 000000007002b480 fee79de3 r 0000000000000000 0000000000000000  bne      x15, x14, . - 0x6
#840 0 000000007002b47a     ef9c m 0000000060000d40 0000000060000d28  c.sd     x15, 0x18(x15)
#841 0 000000007002b47c     eb9c m 0000000060000d38 0000000060000d28  c.sd     x15, 0x10(x15)
#842 0 000000007002b47e     07c1 r 000000000000000f 0000000060000d38  c.addi   x15, 0x10
#843 0 000000007002b480 fee79de3 r 0000000000000000 0000000000000000  bne      x15, x14, . - 0x6
#844 0 000000007002b47a     ef9c m 0000000060000d50 0000000060000d38  c.sd     x15, 0x18(x15)
#845 0 000000007002b47c     eb9c m 0000000060000d48 0000000060000d38  c.sd     x15, 0x10(x15)
#846 0 000000007002b47e     07c1 r 000000000000000f 0000000060000d48  c.addi   x15, 0x10
#847 0 000000007002b480 fee79de3 r 0000000000000000 0000000000000000  bne      x15, x14, . - 0x6
#848 0 000000007002b47a     ef9c m 0000000060000d60 0000000060000d48  c.sd     x15, 0x18(x15)
#849 0 000000007002b47c     eb9c m 0000000060000d58 0000000060000d48  c.sd     x15, 0x10(x15)
#850 0 000000007002b47e     07c1 r 000000000000000f 0000000060000d58  c.addi   x15, 0x10
#851 0 000000007002b480 fee79de3 r 0000000000000000 0000000000000000  bne      x15, x14, . - 0x6
#852 0 000000007002b47a     ef9c m 0000000060000d70 0000000060000d58  c.sd     x15, 0x18(x15)
#853 0 000000007002b47c     eb9c m 0000000060000d68 0000000060000d58  c.sd     x15, 0x10(x15)
#854 0 000000007002b47e     07c1 r 000000000000000f 0000000060000d68  c.addi   x15, 0x10
#855 0 000000007002b480 fee79de3 r 0000000000000000 0000000000000000  bne      x15, x14, . - 0x6
#856 0 000000007002b47a     ef9c m 0000000060000d80 0000000060000d68  c.sd     x15, 0x18(x15)
#857 0 000000007002b47c     eb9c m 0000000060000d78 0000000060000d68  c.sd     x15, 0x10(x15)
#858 0 000000007002b47e     07c1 r 000000000000000f 0000000060000d78  c.addi   x15, 0x10
#859 0 000000007002b480 fee79de3 r 0000000000000000 0000000000000000  bne      x15, x14, . - 0x6
#860 0 000000007002b47a     ef9c m 0000000060000d90 0000000060000d78  c.sd     x15, 0x18(x15)
#861 0 000000007002b47c     eb9c m 0000000060000d88 0000000060000d78  c.sd     x15, 0x10(x15)
#862 0 000000007002b47e     07c1 r 000000000000000f 0000000060000d88  c.addi   x15, 0x10
#863 0 000000007002b480 fee79de3 r 0000000000000000 0000000000000000  bne      x15, x14, . - 0x6
#864 0 000000007002b47a     ef9c m 0000000060000da0 0000000060000d88  c.sd     x15, 0x18(x15)
#865 0 000000007002b47c     eb9c m 0000000060000d98 0000000060000d88  c.sd     x15, 0x10(x15)
#866 0 000000007002b47e     07c1 r 000000000000000f 0000000060000d98  c.addi   x15, 0x10
#867 0 000000007002b480 fee79de3 r 0000000000000000 0000000000000000  bne      x15, x14, . - 0x6
#868 0 000000007002b47a     ef9c m 0000000060000db0 0000000060000d98  c.sd     x15, 0x18(x15)
#869 0 000000007002b47c     eb9c m 0000000060000da8 0000000060000d98  c.sd     x15, 0x10(x15)
#870 0 000000007002b47e     07c1 r 000000000000000f 0000000060000da8  c.addi   x15, 0x10
#871 0 000000007002b480 fee79de3 r 0000000000000000 0000000000000000  bne      x15, x14, . - 0x6
#872 0 000000007002b47a     ef9c m 0000000060000dc0 0000000060000da8  c.sd     x15, 0x18(x15)
#873 0 000000007002b47c     eb9c m 0000000060000db8 0000000060000da8  c.sd     x15, 0x10(x15)
#874 0 000000007002b47e     07c1 r 000000000000000f 0000000060000db8  c.addi   x15, 0x10
#875 0 000000007002b480 fee79de3 r 0000000000000000 0000000000000000  bne      x15, x14, . - 0x6
#876 0 000000007002b47a     ef9c m 0000000060000dd0 0000000060000db8  c.sd     x15, 0x18(x15)
#877 0 000000007002b47c     eb9c m 0000000060000dc8 0000000060000db8  c.sd     x15, 0x10(x15)
#878 0 000000007002b47e     07c1 r 000000000000000f 0000000060000dc8  c.addi   x15, 0x10
#879 0 000000007002b480 fee79de3 r 0000000000000000 0000000000000000  bne      x15, x14, . - 0x6
#880 0 000000007002b47a     ef9c m 0000000060000de0 0000000060000dc8  c.sd     x15, 0x18(x15)
#881 0 000000007002b47c     eb9c m 0000000060000dd8 0000000060000dc8  c.sd     x15, 0x10(x15)
#882 0 000000007002b47e     07c1 r 000000000000000f 0000000060000dd8  c.addi   x15, 0x10
#883 0 000000007002b480 fee79de3 r 0000000000000000 0000000000000000  bne      x15, x14, . - 0x6
#884 0 000000007002b47a     ef9c m 0000000060000df0 0000000060000dd8  c.sd     x15, 0x18(x15)
#885 0 000000007002b47c     eb9c m 0000000060000de8 0000000060000dd8  c.sd     x15, 0x10(x15)
#886 0 000000007002b47e     07c1 r 000000000000000f 0000000060000de8  c.addi   x15, 0x10
#887 0 000000007002b480 fee79de3 r 0000000000000000 0000000000000000  bne      x15, x14, . - 0x6
#888 0 000000007002b47a     ef9c m 0000000060000e00 0000000060000de8  c.sd     x15, 0x18(x15)
#889 0 000000007002b47c     eb9c m 0000000060000df8 0000000060000de8  c.sd     x15, 0x10(x15)
#890 0 000000007002b47e     07c1 r 000000000000000f 0000000060000df8  c.addi   x15, 0x10
#891 0 000000007002b480 fee79de3 r 0000000000000000 0000000000000000  bne      x15, x14, . - 0x6
#892 0 000000007002b47a     ef9c m 0000000060000e10 0000000060000df8  c.sd     x15, 0x18(x15)
#893 0 000000007002b47c     eb9c m 0000000060000e08 0000000060000df8  c.sd     x15, 0x10(x15)
#894 0 000000007002b47e     07c1 r 000000000000000f 0000000060000e08  c.addi   x15, 0x10
#895 0 000000007002b480 fee79de3 r 0000000000000000 0000000000000000  bne      x15, x14, . - 0x6
#896 0 000000007002b47a     ef9c m 0000000060000e20 0000000060000e08  c.sd     x15, 0x18(x15)
#897 0 000000007002b47c     eb9c m 0000000060000e18 0000000060000e08  c.sd     x15, 0x10(x15)
#898 0 000000007002b47e     07c1 r 000000000000000f 0000000060000e18  c.addi   x15, 0x10
#899 0 000000007002b480 fee79de3 r 0000000000000000 0000000000000000  bne      x15, x14, . - 0x6
#900 0 000000007002b47a     ef9c m 0000000060000e30 0000000060000e18  c.sd     x15, 0x18(x15)
#901 0 000000007002b47c     eb9c m 0000000060000e28 0000000060000e18  c.sd     x15, 0x10(x15)
#902 0 000000007002b47e     07c1 r 000000000000000f 0000000060000e28  c.addi   x15, 0x10
#903 0 000000007002b480 fee79de3 r 0000000000000000 0000000000000000  bne      x15, x14, . - 0x6
#904 0 000000007002b47a     ef9c m 0000000060000e40 0000000060000e28  c.sd     x15, 0x18(x15)
#905 0 000000007002b47c     eb9c m 0000000060000e38 0000000060000e28  c.sd     x15, 0x10(x15)
#906 0 000000007002b47e     07c1 r 000000000000000f 0000000060000e38  c.addi   x15, 0x10
#907 0 000000007002b480 fee79de3 r 0000000000000000 0000000000000000  bne      x15, x14, . - 0x6
#908 0 000000007002b47a     ef9c m 0000000060000e50 0000000060000e38  c.sd     x15, 0x18(x15)
#909 0 000000007002b47c     eb9c m 0000000060000e48 0000000060000e38  c.sd     x15, 0x10(x15)
#910 0 000000007002b47e     07c1 r 000000000000000f 0000000060000e48  c.addi   x15, 0x10
#911 0 000000007002b480 fee79de3 r 0000000000000000 0000000000000000  bne      x15, x14, . - 0x6
#912 0 000000007002b47a     ef9c m 0000000060000e60 0000000060000e48  c.sd     x15, 0x18(x15)
#913 0 000000007002b47c     eb9c m 0000000060000e58 0000000060000e48  c.sd     x15, 0x10(x15)
#914 0 000000007002b47e     07c1 r 000000000000000f 0000000060000e58  c.addi   x15, 0x10
#915 0 000000007002b480 fee79de3 r 0000000000000000 0000000000000000  bne      x15, x14, . - 0x6
#916 0 000000007002b47a     ef9c m 0000000060000e70 0000000060000e58  c.sd     x15, 0x18(x15)
#917 0 000000007002b47c     eb9c m 0000000060000e68 0000000060000e58  c.sd     x15, 0x10(x15)
#918 0 000000007002b47e     07c1 r 000000000000000f 0000000060000e68  c.addi   x15, 0x10
#919 0 000000007002b480 fee79de3 r 0000000000000000 0000000000000000  bne      x15, x14, . - 0x6
#920 0 000000007002b47a     ef9c m 0000000060000e80 0000000060000e68  c.sd     x15, 0x18(x15)
#921 0 000000007002b47c     eb9c m 0000000060000e78 0000000060000e68  c.sd     x15, 0x10(x15)
#922 0 000000007002b47e     07c1 r 000000000000000f 0000000060000e78  c.addi   x15, 0x10
#923 0 000000007002b480 fee79de3 r 0000000000000000 0000000000000000  bne      x15, x14, . - 0x6
#924 0 000000007002b47a     ef9c m 0000000060000e90 0000000060000e78  c.sd     x15, 0x18(x15)
#925 0 000000007002b47c     eb9c m 0000000060000e88 0000000060000e78  c.sd     x15, 0x10(x15)
#926 0 000000007002b47e     07c1 r 000000000000000f 0000000060000e88  c.addi   x15, 0x10
#927 0 000000007002b480 fee79de3 r 0000000000000000 0000000000000000  bne      x15, x14, . - 0x6
#928 0 000000007002b47a     ef9c m 0000000060000ea0 0000000060000e88  c.sd     x15, 0x18(x15)
#929 0 000000007002b47c     eb9c m 0000000060000e98 0000000060000e88  c.sd     x15, 0x10(x15)
#930 0 000000007002b47e     07c1 r 000000000000000f 0000000060000e98  c.addi   x15, 0x10
#931 0 000000007002b480 fee79de3 r 0000000000000000 0000000000000000  bne      x15, x14, . - 0x6
#932 0 000000007002b47a     ef9c m 0000000060000eb0 0000000060000e98  c.sd     x15, 0x18(x15)
#933 0 000000007002b47c     eb9c m 0000000060000ea8 0000000060000e98  c.sd     x15, 0x10(x15)
#934 0 000000007002b47e     07c1 r 000000000000000f 0000000060000ea8  c.addi   x15, 0x10
#935 0 000000007002b480 fee79de3 r 0000000000000000 0000000000000000  bne      x15, x14, . - 0x6
#936 0 000000007002b47a     ef9c m 0000000060000ec0 0000000060000ea8  c.sd     x15, 0x18(x15)
#937 0 000000007002b47c     eb9c m 0000000060000eb8 0000000060000ea8  c.sd     x15, 0x10(x15)
#938 0 000000007002b47e     07c1 r 000000000000000f 0000000060000eb8  c.addi   x15, 0x10
#939 0 000000007002b480 fee79de3 r 0000000000000000 0000000000000000  bne      x15, x14, . - 0x6
#940 0 000000007002b47a     ef9c m 0000000060000ed0 0000000060000eb8  c.sd     x15, 0x18(x15)
#941 0 000000007002b47c     eb9c m 0000000060000ec8 0000000060000eb8  c.sd     x15, 0x10(x15)
#942 0 000000007002b47e     07c1 r 000000000000000f 0000000060000ec8  c.addi   x15, 0x10
#943 0 000000007002b480 fee79de3 r 0000000000000000 0000000000000000  bne      x15, x14, . - 0x6
#944 0 000000007002b47a     ef9c m 0000000060000ee0 0000000060000ec8  c.sd     x15, 0x18(x15)
#945 0 000000007002b47c     eb9c m 0000000060000ed8 0000000060000ec8  c.sd     x15, 0x10(x15)
#946 0 000000007002b47e     07c1 r 000000000000000f 0000000060000ed8  c.addi   x15, 0x10
#947 0 000000007002b480 fee79de3 r 0000000000000000 0000000000000000  bne      x15, x14, . - 0x6
#948 0 000000007002b47a     ef9c m 0000000060000ef0 0000000060000ed8  c.sd     x15, 0x18(x15)
#949 0 000000007002b47c     eb9c m 0000000060000ee8 0000000060000ed8  c.sd     x15, 0x10(x15)
#950 0 000000007002b47e     07c1 r 000000000000000f 0000000060000ee8  c.addi   x15, 0x10
#951 0 000000007002b480 fee79de3 r 0000000000000000 0000000000000000  bne      x15, x14, . - 0x6
#952 0 000000007002b47a     ef9c m 0000000060000f00 0000000060000ee8  c.sd     x15, 0x18(x15)
#953 0 000000007002b47c     eb9c m 0000000060000ef8 0000000060000ee8  c.sd     x15, 0x10(x15)
#954 0 000000007002b47e     07c1 r 000000000000000f 0000000060000ef8  c.addi   x15, 0x10
#955 0 000000007002b480 fee79de3 r 0000000000000000 0000000000000000  bne      x15, x14, . - 0x6
#956 0 000000007002b47a     ef9c m 0000000060000f10 0000000060000ef8  c.sd     x15, 0x18(x15)
#957 0 000000007002b47c     eb9c m 0000000060000f08 0000000060000ef8  c.sd     x15, 0x10(x15)
#958 0 000000007002b47e     07c1 r 000000000000000f 0000000060000f08  c.addi   x15, 0x10
#959 0 000000007002b480 fee79de3 r 0000000000000000 0000000000000000  bne      x15, x14, . - 0x6
#960 0 000000007002b47a     ef9c m 0000000060000f20 0000000060000f08  c.sd     x15, 0x18(x15)
#961 0 000000007002b47c     eb9c m 0000000060000f18 0000000060000f08  c.sd     x15, 0x10(x15)
#962 0 000000007002b47e     07c1 r 000000000000000f 0000000060000f18  c.addi   x15, 0x10
#963 0 000000007002b480 fee79de3 r 0000000000000000 0000000000000000  bne      x15, x14, . - 0x6
#964 0 000000007002b47a     ef9c m 0000000060000f30 0000000060000f18  c.sd     x15, 0x18(x15)
#965 0 000000007002b47c     eb9c m 0000000060000f28 0000000060000f18  c.sd     x15, 0x10(x15)
#966 0 000000007002b47e     07c1 r 000000000000000f 0000000060000f28  c.addi   x15, 0x10
#967 0 000000007002b480 fee79de3 r 0000000000000000 0000000000000000  bne      x15, x14, . - 0x6
#968 0 000000007002b47a     ef9c m 0000000060000f40 0000000060000f28  c.sd     x15, 0x18(x15)
#969 0 000000007002b47c     eb9c m 0000000060000f38 0000000060000f28  c.sd     x15, 0x10(x15)
#970 0 000000007002b47e     07c1 r 000000000000000f 0000000060000f38  c.addi   x15, 0x10
#971 0 000000007002b480 fee79de3 r 0000000000000000 0000000000000000  bne      x15, x14, . - 0x6
#972 0 000000007002b47a     ef9c m 0000000060000f50 0000000060000f38  c.sd     x15, 0x18(x15)
#973 0 000000007002b47c     eb9c m 0000000060000f48 0000000060000f38  c.sd     x15, 0x10(x15)
#974 0 000000007002b47e     07c1 r 000000000000000f 0000000060000f48  c.addi   x15, 0x10
#975 0 000000007002b480 fee79de3 r 0000000000000000 0000000000000000  bne      x15, x14, . - 0x6
#976 0 000000007002b47a     ef9c m 0000000060000f60 0000000060000f48  c.sd     x15, 0x18(x15)
#977 0 000000007002b47c     eb9c m 0000000060000f58 0000000060000f48  c.sd     x15, 0x10(x15)
#978 0 000000007002b47e     07c1 r 000000000000000f 0000000060000f58  c.addi   x15, 0x10
#979 0 000000007002b480 fee79de3 r 0000000000000000 0000000000000000  bne      x15, x14, . - 0x6
#980 0 000000007002b47a     ef9c m 0000000060000f70 0000000060000f58  c.sd     x15, 0x18(x15)
#981 0 000000007002b47c     eb9c m 0000000060000f68 0000000060000f58  c.sd     x15, 0x10(x15)
#982 0 000000007002b47e     07c1 r 000000000000000f 0000000060000f68  c.addi   x15, 0x10
#983 0 000000007002b480 fee79de3 r 0000000000000000 0000000000000000  bne      x15, x14, . - 0x6
#984 0 000000007002b47a     ef9c m 0000000060000f80 0000000060000f68  c.sd     x15, 0x18(x15)
#985 0 000000007002b47c     eb9c m 0000000060000f78 0000000060000f68  c.sd     x15, 0x10(x15)
#986 0 000000007002b47e     07c1 r 000000000000000f 0000000060000f78  c.addi   x15, 0x10
#987 0 000000007002b480 fee79de3 r 0000000000000000 0000000000000000  bne      x15, x14, . - 0x6
#988 0 000000007002b47a     ef9c m 0000000060000f90 0000000060000f78  c.sd     x15, 0x18(x15)
#989 0 000000007002b47c     eb9c m 0000000060000f88 0000000060000f78  c.sd     x15, 0x10(x15)
#990 0 000000007002b47e     07c1 r 000000000000000f 0000000060000f88  c.addi   x15, 0x10
#991 0 000000007002b480 fee79de3 r 0000000000000000 0000000000000000  bne      x15, x14, . - 0x6
#992 0 000000007002b47a     ef9c m 0000000060000fa0 0000000060000f88  c.sd     x15, 0x18(x15)
#993 0 000000007002b47c     eb9c m 0000000060000f98 0000000060000f88  c.sd     x15, 0x10(x15)
#994 0 000000007002b47e     07c1 r 000000000000000f 0000000060000f98  c.addi   x15, 0x10
#995 0 000000007002b480 fee79de3 r 0000000000000000 0000000000000000  bne      x15, x14, . - 0x6
#996 0 000000007002b47a     ef9c m 0000000060000fb0 0000000060000f98  c.sd     x15, 0x18(x15)
#997 0 000000007002b47c     eb9c m 0000000060000fa8 0000000060000f98  c.sd     x15, 0x10(x15)
#998 0 000000007002b47e     07c1 r 000000000000000f 0000000060000fa8  c.addi   x15, 0x10
#999 0 000000007002b480 fee79de3 r 0000000000000000 0000000000000000  bne      x15, x14, . - 0x6
#1000 0 000000007002b47a     ef9c m 0000000060000fc0 0000000060000fa8  c.sd     x15, 0x18(x15)
#1001 0 000000007002b47c     eb9c m 0000000060000fb8 0000000060000fa8  c.sd     x15, 0x10(x15)
#1002 0 000000007002b47e     07c1 r 000000000000000f 0000000060000fb8  c.addi   x15, 0x10
#1003 0 000000007002b480 fee79de3 r 0000000000000000 0000000000000000  bne      x15, x14, . - 0x6
#1004 0 000000007002b47a     ef9c m 0000000060000fd0 0000000060000fb8  c.sd     x15, 0x18(x15)
#1005 0 000000007002b47c     eb9c m 0000000060000fc8 0000000060000fb8  c.sd     x15, 0x10(x15)
#1006 0 000000007002b47e     07c1 r 000000000000000f 0000000060000fc8  c.addi   x15, 0x10
#1007 0 000000007002b480 fee79de3 r 0000000000000000 0000000000000000  bne      x15, x14, . - 0x6
#1008 0 000000007002b47a     ef9c m 0000000060000fe0 0000000060000fc8  c.sd     x15, 0x18(x15)
#1009 0 000000007002b47c     eb9c m 0000000060000fd8 0000000060000fc8  c.sd     x15, 0x10(x15)
#1010 0 000000007002b47e     07c1 r 000000000000000f 0000000060000fd8  c.addi   x15, 0x10
#1011 0 000000007002b480 fee79de3 r 0000000000000000 0000000000000000  bne      x15, x14, . - 0x6
#1012 0 000000007002b47a     ef9c m 0000000060000ff0 0000000060000fd8  c.sd     x15, 0x18(x15)
#1013 0 000000007002b47c     eb9c m 0000000060000fe8 0000000060000fd8  c.sd     x15, 0x10(x15)
#1014 0 000000007002b47e     07c1 r 000000000000000f 0000000060000fe8  c.addi   x15, 0x10
#1015 0 000000007002b480 fee79de3 r 0000000000000000 0000000000000000  bne      x15, x14, . - 0x6
#1016 0 000000007002b47a     ef9c m 0000000060001000 0000000060000fe8  c.sd     x15, 0x18(x15)
#1017 0 000000007002b47c     eb9c m 0000000060000ff8 0000000060000fe8  c.sd     x15, 0x10(x15)
#1018 0 000000007002b47e     07c1 r 000000000000000f 0000000060000ff8  c.addi   x15, 0x10
#1019 0 000000007002b480 fee79de3 r 0000000000000000 0000000000000000  bne      x15, x14, . - 0x6
#1020 0 000000007002b47a     ef9c m 0000000060001010 0000000060000ff8  c.sd     x15, 0x18(x15)
#1021 0 000000007002b47c     eb9c m 0000000060001008 0000000060000ff8  c.sd     x15, 0x10(x15)
#1022 0 000000007002b47e     07c1 r 000000000000000f 0000000060001008  c.addi   x15, 0x10
#1023 0 000000007002b480 fee79de3 r 0000000000000000 0000000000000000  bne      x15, x14, . - 0x6
#1024 0 000000007002b47a     ef9c m 0000000060001020 0000000060001008  c.sd     x15, 0x18(x15)
#1025 0 000000007002b47c     eb9c m 0000000060001018 0000000060001008  c.sd     x15, 0x10(x15)
#1026 0 000000007002b47e     07c1 r 000000000000000f 0000000060001018  c.addi   x15, 0x10
#1027 0 000000007002b480 fee79de3 r 0000000000000000 0000000000000000  bne      x15, x14, . - 0x6
#1028 0 000000007002b47a     ef9c m 0000000060001030 0000000060001018  c.sd     x15, 0x18(x15)
#1029 0 000000007002b47c     eb9c m 0000000060001028 0000000060001018  c.sd     x15, 0x10(x15)
#1030 0 000000007002b47e     07c1 r 000000000000000f 0000000060001028  c.addi   x15, 0x10
#1031 0 000000007002b480 fee79de3 r 0000000000000000 0000000000000000  bne      x15, x14, . - 0x6
#1032 0 000000007002b47a     ef9c m 0000000060001040 0000000060001028  c.sd     x15, 0x18(x15)
#1033 0 000000007002b47c     eb9c m 0000000060001038 0000000060001028  c.sd     x15, 0x10(x15)
#1034 0 000000007002b47e     07c1 r 000000000000000f 0000000060001038  c.addi   x15, 0x10
#1035 0 000000007002b480 fee79de3 r 0000000000000000 0000000000000000  bne      x15, x14, . - 0x6
#1036 0 000000007002b47a     ef9c m 0000000060001050 0000000060001038  c.sd     x15, 0x18(x15)
#1037 0 000000007002b47c     eb9c m 0000000060001048 0000000060001038  c.sd     x15, 0x10(x15)
#1038 0 000000007002b47e     07c1 r 000000000000000f 0000000060001048  c.addi   x15, 0x10
#1039 0 000000007002b480 fee79de3 r 0000000000000000 0000000000000000  bne      x15, x14, . - 0x6
#1040 0 000000007002b47a     ef9c m 0000000060001060 0000000060001048  c.sd     x15, 0x18(x15)
#1041 0 000000007002b47c     eb9c m 0000000060001058 0000000060001048  c.sd     x15, 0x10(x15)
#1042 0 000000007002b47e     07c1 r 000000000000000f 0000000060001058  c.addi   x15, 0x10
#1043 0 000000007002b480 fee79de3 r 0000000000000000 0000000000000000  bne      x15, x14, . - 0x6
#1044 0 000000007002b47a     ef9c m 0000000060001070 0000000060001058  c.sd     x15, 0x18(x15)
#1045 0 000000007002b47c     eb9c m 0000000060001068 0000000060001058  c.sd     x15, 0x10(x15)
#1046 0 000000007002b47e     07c1 r 000000000000000f 0000000060001068  c.addi   x15, 0x10
#1047 0 000000007002b480 fee79de3 r 0000000000000000 0000000000000000  bne      x15, x14, . - 0x6
#1048 0 000000007002b47a     ef9c m 0000000060001080 0000000060001068  c.sd     x15, 0x18(x15)
#1049 0 000000007002b47c     eb9c m 0000000060001078 0000000060001068  c.sd     x15, 0x10(x15)
#1050 0 000000007002b47e     07c1 r 000000000000000f 0000000060001078  c.addi   x15, 0x10
#1051 0 000000007002b480 fee79de3 r 0000000000000000 0000000000000000  bne      x15, x14, . - 0x6
#1052 0 000000007002b47a     ef9c m 0000000060001090 0000000060001078  c.sd     x15, 0x18(x15)
#1053 0 000000007002b47c     eb9c m 0000000060001088 0000000060001078  c.sd     x15, 0x10(x15)
#1054 0 000000007002b47e     07c1 r 000000000000000f 0000000060001088  c.addi   x15, 0x10
#1055 0 000000007002b480 fee79de3 r 0000000000000000 0000000000000000  bne      x15, x14, . - 0x6
#1056 0 000000007002b47a     ef9c m 00000000600010a0 0000000060001088  c.sd     x15, 0x18(x15)
#1057 0 000000007002b47c     eb9c m 0000000060001098 0000000060001088  c.sd     x15, 0x10(x15)
#1058 0 000000007002b47e     07c1 r 000000000000000f 0000000060001098  c.addi   x15, 0x10
#1059 0 000000007002b480 fee79de3 r 0000000000000000 0000000000000000  bne      x15, x14, . - 0x6
#1060 0 000000007002b47a     ef9c m 00000000600010b0 0000000060001098  c.sd     x15, 0x18(x15)
#1061 0 000000007002b47c     eb9c m 00000000600010a8 0000000060001098  c.sd     x15, 0x10(x15)
#1062 0 000000007002b47e     07c1 r 000000000000000f 00000000600010a8  c.addi   x15, 0x10
#1063 0 000000007002b480 fee79de3 r 0000000000000000 0000000000000000  bne      x15, x14, . - 0x6
#1064 0 000000007002b47a     ef9c m 00000000600010c0 00000000600010a8  c.sd     x15, 0x18(x15)
#1065 0 000000007002b47c     eb9c m 00000000600010b8 00000000600010a8  c.sd     x15, 0x10(x15)
#1066 0 000000007002b47e     07c1 r 000000000000000f 00000000600010b8  c.addi   x15, 0x10
#1067 0 000000007002b480 fee79de3 r 0000000000000000 0000000000000000  bne      x15, x14, . - 0x6
#1068 0 000000007002b47a     ef9c m 00000000600010d0 00000000600010b8  c.sd     x15, 0x18(x15)
#1069 0 000000007002b47c     eb9c m 00000000600010c8 00000000600010b8  c.sd     x15, 0x10(x15)
#1070 0 000000007002b47e     07c1 r 000000000000000f 00000000600010c8  c.addi   x15, 0x10
#1071 0 000000007002b480 fee79de3 r 0000000000000000 0000000000000000  bne      x15, x14, . - 0x6
#1072 0 000000007002b47a     ef9c m 00000000600010e0 00000000600010c8  c.sd     x15, 0x18(x15)
#1073 0 000000007002b47c     eb9c m 00000000600010d8 00000000600010c8  c.sd     x15, 0x10(x15)
#1074 0 000000007002b47e     07c1 r 000000000000000f 00000000600010d8  c.addi   x15, 0x10
#1075 0 000000007002b480 fee79de3 r 0000000000000000 0000000000000000  bne      x15, x14, . - 0x6
#1076 0 000000007002b47a     ef9c m 00000000600010f0 00000000600010d8  c.sd     x15, 0x18(x15)
#1077 0 000000007002b47c     eb9c m 00000000600010e8 00000000600010d8  c.sd     x15, 0x10(x15)
#1078 0 000000007002b47e     07c1 r 000000000000000f 00000000600010e8  c.addi   x15, 0x10
#1079 0 000000007002b480 fee79de3 r 0000000000000000 0000000000000000  bne      x15, x14, . - 0x6
#1080 0 000000007002b47a     ef9c m 0000000060001100 00000000600010e8  c.sd     x15, 0x18(x15)
#1081 0 000000007002b47c     eb9c m 00000000600010f8 00000000600010e8  c.sd     x15, 0x10(x15)
#1082 0 000000007002b47e     07c1 r 000000000000000f 00000000600010f8  c.addi   x15, 0x10
#1083 0 000000007002b480 fee79de3 r 0000000000000000 0000000000000000  bne      x15, x14, . - 0x6
#1084 0 000000007002b47a     ef9c m 0000000060001110 00000000600010f8  c.sd     x15, 0x18(x15)
#1085 0 000000007002b47c     eb9c m 0000000060001108 00000000600010f8  c.sd     x15, 0x10(x15)
#1086 0 000000007002b47e     07c1 r 000000000000000f 0000000060001108  c.addi   x15, 0x10
#1087 0 000000007002b480 fee79de3 r 0000000000000000 0000000000000000  bne      x15, x14, . - 0x6
#1088 0 000000007002b47a     ef9c m 0000000060001120 0000000060001108  c.sd     x15, 0x18(x15)
#1089 0 000000007002b47c     eb9c m 0000000060001118 0000000060001108  c.sd     x15, 0x10(x15)
#1090 0 000000007002b47e     07c1 r 000000000000000f 0000000060001118  c.addi   x15, 0x10
#1091 0 000000007002b480 fee79de3 r 0000000000000000 0000000000000000  bne      x15, x14, . - 0x6
#1092 0 000000007002b47a     ef9c m 0000000060001130 0000000060001118  c.sd     x15, 0x18(x15)
#1093 0 000000007002b47c     eb9c m 0000000060001128 0000000060001118  c.sd     x15, 0x10(x15)
#1094 0 000000007002b47e     07c1 r 000000000000000f 0000000060001128  c.addi   x15, 0x10
#1095 0 000000007002b480 fee79de3 r 0000000000000000 0000000000000000  bne      x15, x14, . - 0x6
#1096 0 000000007002b47a     ef9c m 0000000060001140 0000000060001128  c.sd     x15, 0x18(x15)
#1097 0 000000007002b47c     eb9c m 0000000060001138 0000000060001128  c.sd     x15, 0x10(x15)
#1098 0 000000007002b47e     07c1 r 000000000000000f 0000000060001138  c.addi   x15, 0x10
#1099 0 000000007002b480 fee79de3 r 0000000000000000 0000000000000000  bne      x15, x14, . - 0x6
#1100 0 000000007002b47a     ef9c m 0000000060001150 0000000060001138  c.sd     x15, 0x18(x15)
#1101 0 000000007002b47c     eb9c m 0000000060001148 0000000060001138  c.sd     x15, 0x10(x15)
#1102 0 000000007002b47e     07c1 r 000000000000000f 0000000060001148  c.addi   x15, 0x10
#1103 0 000000007002b480 fee79de3 r 0000000000000000 0000000000000000  bne      x15, x14, . - 0x6
#1104 0 000000007002b47a     ef9c m 0000000060001160 0000000060001148  c.sd     x15, 0x18(x15)
#1105 0 000000007002b47c     eb9c m 0000000060001158 0000000060001148  c.sd     x15, 0x10(x15)
#1106 0 000000007002b47e     07c1 r 000000000000000f 0000000060001158  c.addi   x15, 0x10
#1107 0 000000007002b480 fee79de3 r 0000000000000000 0000000000000000  bne      x15, x14, . - 0x6
#1108 0 000000007002b47a     ef9c m 0000000060001170 0000000060001158  c.sd     x15, 0x18(x15)
#1109 0 000000007002b47c     eb9c m 0000000060001168 0000000060001158  c.sd     x15, 0x10(x15)
#1110 0 000000007002b47e     07c1 r 000000000000000f 0000000060001168  c.addi   x15, 0x10
#1111 0 000000007002b480 fee79de3 r 0000000000000000 0000000000000000  bne      x15, x14, . - 0x6
#1112 0 000000007002b47a     ef9c m 0000000060001180 0000000060001168  c.sd     x15, 0x18(x15)
#1113 0 000000007002b47c     eb9c m 0000000060001178 0000000060001168  c.sd     x15, 0x10(x15)
#1114 0 000000007002b47e     07c1 r 000000000000000f 0000000060001178  c.addi   x15, 0x10
#1115 0 000000007002b480 fee79de3 r 0000000000000000 0000000000000000  bne      x15, x14, . - 0x6
#1116 0 000000007002b47a     ef9c m 0000000060001190 0000000060001178  c.sd     x15, 0x18(x15)
#1117 0 000000007002b47c     eb9c m 0000000060001188 0000000060001178  c.sd     x15, 0x10(x15)
#1118 0 000000007002b47e     07c1 r 000000000000000f 0000000060001188  c.addi   x15, 0x10
#1119 0 000000007002b480 fee79de3 r 0000000000000000 0000000000000000  bne      x15, x14, . - 0x6
#1120 0 000000007002b47a     ef9c m 00000000600011a0 0000000060001188  c.sd     x15, 0x18(x15)
#1121 0 000000007002b47c     eb9c m 0000000060001198 0000000060001188  c.sd     x15, 0x10(x15)
#1122 0 000000007002b47e     07c1 r 000000000000000f 0000000060001198  c.addi   x15, 0x10
#1123 0 000000007002b480 fee79de3 r 0000000000000000 0000000000000000  bne      x15, x14, . - 0x6
#1124 0 000000007002b47a     ef9c m 00000000600011b0 0000000060001198  c.sd     x15, 0x18(x15)
#1125 0 000000007002b47c     eb9c m 00000000600011a8 0000000060001198  c.sd     x15, 0x10(x15)
#1126 0 000000007002b47e     07c1 r 000000000000000f 00000000600011a8  c.addi   x15, 0x10
#1127 0 000000007002b480 fee79de3 r 0000000000000000 0000000000000000  bne      x15, x14, . - 0x6
#1128 0 000000007002b47a     ef9c m 00000000600011c0 00000000600011a8  c.sd     x15, 0x18(x15)
#1129 0 000000007002b47c     eb9c m 00000000600011b8 00000000600011a8  c.sd     x15, 0x10(x15)
#1130 0 000000007002b47e     07c1 r 000000000000000f 00000000600011b8  c.addi   x15, 0x10
#1131 0 000000007002b480 fee79de3 r 0000000000000000 0000000000000000  bne      x15, x14, . - 0x6
#1132 0 000000007002b47a     ef9c m 00000000600011d0 00000000600011b8  c.sd     x15, 0x18(x15)
#1133 0 000000007002b47c     eb9c m 00000000600011c8 00000000600011b8  c.sd     x15, 0x10(x15)
#1134 0 000000007002b47e     07c1 r 000000000000000f 00000000600011c8  c.addi   x15, 0x10
#1135 0 000000007002b480 fee79de3 r 0000000000000000 0000000000000000  bne      x15, x14, . - 0x6
#1136 0 000000007002b47a     ef9c m 00000000600011e0 00000000600011c8  c.sd     x15, 0x18(x15)
#1137 0 000000007002b47c     eb9c m 00000000600011d8 00000000600011c8  c.sd     x15, 0x10(x15)
#1138 0 000000007002b47e     07c1 r 000000000000000f 00000000600011d8  c.addi   x15, 0x10
#1139 0 000000007002b480 fee79de3 r 0000000000000000 0000000000000000  bne      x15, x14, . - 0x6
#1140 0 000000007002b47a     ef9c m 00000000600011f0 00000000600011d8  c.sd     x15, 0x18(x15)
#1141 0 000000007002b47c     eb9c m 00000000600011e8 00000000600011d8  c.sd     x15, 0x10(x15)
#1142 0 000000007002b47e     07c1 r 000000000000000f 00000000600011e8  c.addi   x15, 0x10
#1143 0 000000007002b480 fee79de3 r 0000000000000000 0000000000000000  bne      x15, x14, . - 0x6
#1144 0 000000007002b47a     ef9c m 0000000060001200 00000000600011e8  c.sd     x15, 0x18(x15)
#1145 0 000000007002b47c     eb9c m 00000000600011f8 00000000600011e8  c.sd     x15, 0x10(x15)
#1146 0 000000007002b47e     07c1 r 000000000000000f 00000000600011f8  c.addi   x15, 0x10
#1147 0 000000007002b480 fee79de3 r 0000000000000000 0000000000000000  bne      x15, x14, . - 0x6
#1148 0 000000007002b47a     ef9c m 0000000060001210 00000000600011f8  c.sd     x15, 0x18(x15)
#1149 0 000000007002b47c     eb9c m 0000000060001208 00000000600011f8  c.sd     x15, 0x10(x15)
#1150 0 000000007002b47e     07c1 r 000000000000000f 0000000060001208  c.addi   x15, 0x10
#1151 0 000000007002b480 fee79de3 r 0000000000000000 0000000000000000  bne      x15, x14, . - 0x6
#1152 0 000000007002b47a     ef9c m 0000000060001220 0000000060001208  c.sd     x15, 0x18(x15)
#1153 0 000000007002b47c     eb9c m 0000000060001218 0000000060001208  c.sd     x15, 0x10(x15)
#1154 0 000000007002b47e     07c1 r 000000000000000f 0000000060001218  c.addi   x15, 0x10
#1155 0 000000007002b480 fee79de3 r 0000000000000000 0000000000000000  bne      x15, x14, . - 0x6
#1156 0 000000007002b47a     ef9c m 0000000060001230 0000000060001218  c.sd     x15, 0x18(x15)
#1157 0 000000007002b47c     eb9c m 0000000060001228 0000000060001218  c.sd     x15, 0x10(x15)
#1158 0 000000007002b47e     07c1 r 000000000000000f 0000000060001228  c.addi   x15, 0x10
#1159 0 000000007002b480 fee79de3 r 0000000000000000 0000000000000000  bne      x15, x14, . - 0x6
#1160 0 000000007002b47a     ef9c m 0000000060001240 0000000060001228  c.sd     x15, 0x18(x15)
#1161 0 000000007002b47c     eb9c m 0000000060001238 0000000060001228  c.sd     x15, 0x10(x15)
#1162 0 000000007002b47e     07c1 r 000000000000000f 0000000060001238  c.addi   x15, 0x10
#1163 0 000000007002b480 fee79de3 r 0000000000000000 0000000000000000  bne      x15, x14, . - 0x6
#1164 0 000000007002b47a     ef9c m 0000000060001250 0000000060001238  c.sd     x15, 0x18(x15)
#1165 0 000000007002b47c     eb9c m 0000000060001248 0000000060001238  c.sd     x15, 0x10(x15)
#1166 0 000000007002b47e     07c1 r 000000000000000f 0000000060001248  c.addi   x15, 0x10
#1167 0 000000007002b480 fee79de3 r 0000000000000000 0000000000000000  bne      x15, x14, . - 0x6
#1168 0 000000007002b47a     ef9c m 0000000060001260 0000000060001248  c.sd     x15, 0x18(x15)
#1169 0 000000007002b47c     eb9c m 0000000060001258 0000000060001248  c.sd     x15, 0x10(x15)
#1170 0 000000007002b47e     07c1 r 000000000000000f 0000000060001258  c.addi   x15, 0x10
#1171 0 000000007002b480 fee79de3 r 0000000000000000 0000000000000000  bne      x15, x14, . - 0x6
#1172 0 000000007002b47a     ef9c m 0000000060001270 0000000060001258  c.sd     x15, 0x18(x15)
#1173 0 000000007002b47c     eb9c m 0000000060001268 0000000060001258  c.sd     x15, 0x10(x15)
#1174 0 000000007002b47e     07c1 r 000000000000000f 0000000060001268  c.addi   x15, 0x10
#1175 0 000000007002b480 fee79de3 r 0000000000000000 0000000000000000  bne      x15, x14, . - 0x6
#1176 0 000000007002b47a     ef9c m 0000000060001280 0000000060001268  c.sd     x15, 0x18(x15)
#1177 0 000000007002b47c     eb9c m 0000000060001278 0000000060001268  c.sd     x15, 0x10(x15)
#1178 0 000000007002b47e     07c1 r 000000000000000f 0000000060001278  c.addi   x15, 0x10
#1179 0 000000007002b480 fee79de3 r 0000000000000000 0000000000000000  bne      x15, x14, . - 0x6
#1180 0 000000007002b47a     ef9c m 0000000060001290 0000000060001278  c.sd     x15, 0x18(x15)
#1181 0 000000007002b47c     eb9c m 0000000060001288 0000000060001278  c.sd     x15, 0x10(x15)
#1182 0 000000007002b47e     07c1 r 000000000000000f 0000000060001288  c.addi   x15, 0x10
#1183 0 000000007002b480 fee79de3 r 0000000000000000 0000000000000000  bne      x15, x14, . - 0x6
#1184 0 000000007002b47a     ef9c m 00000000600012a0 0000000060001288  c.sd     x15, 0x18(x15)
#1185 0 000000007002b47c     eb9c m 0000000060001298 0000000060001288  c.sd     x15, 0x10(x15)
#1186 0 000000007002b47e     07c1 r 000000000000000f 0000000060001298  c.addi   x15, 0x10
#1187 0 000000007002b480 fee79de3 r 0000000000000000 0000000000000000  bne      x15, x14, . - 0x6
#1188 0 000000007002b47a     ef9c m 00000000600012b0 0000000060001298  c.sd     x15, 0x18(x15)
#1189 0 000000007002b47c     eb9c m 00000000600012a8 0000000060001298  c.sd     x15, 0x10(x15)
#1190 0 000000007002b47e     07c1 r 000000000000000f 00000000600012a8  c.addi   x15, 0x10
#1191 0 000000007002b480 fee79de3 r 0000000000000000 0000000000000000  bne      x15, x14, . - 0x6
#1192 0 000000007002b47a     ef9c m 00000000600012c0 00000000600012a8  c.sd     x15, 0x18(x15)
#1193 0 000000007002b47c     eb9c m 00000000600012b8 00000000600012a8  c.sd     x15, 0x10(x15)
#1194 0 000000007002b47e     07c1 r 000000000000000f 00000000600012b8  c.addi   x15, 0x10
#1195 0 000000007002b480 fee79de3 r 0000000000000000 0000000000000000  bne      x15, x14, . - 0x6
#1196 0 000000007002b47a     ef9c m 00000000600012d0 00000000600012b8  c.sd     x15, 0x18(x15)
#1197 0 000000007002b47c     eb9c m 00000000600012c8 00000000600012b8  c.sd     x15, 0x10(x15)
#1198 0 000000007002b47e     07c1 r 000000000000000f 00000000600012c8  c.addi   x15, 0x10
#1199 0 000000007002b480 fee79de3 r 0000000000000000 0000000000000000  bne      x15, x14, . - 0x6
#1200 0 000000007002b47a     ef9c m 00000000600012e0 00000000600012c8  c.sd     x15, 0x18(x15)
#1201 0 000000007002b47c     eb9c m 00000000600012d8 00000000600012c8  c.sd     x15, 0x10(x15)
#1202 0 000000007002b47e     07c1 r 000000000000000f 00000000600012d8  c.addi   x15, 0x10
#1203 0 000000007002b480 fee79de3 r 0000000000000000 0000000000000000  bne      x15, x14, . - 0x6
#1204 0 000000007002b47a     ef9c m 00000000600012f0 00000000600012d8  c.sd     x15, 0x18(x15)
#1205 0 000000007002b47c     eb9c m 00000000600012e8 00000000600012d8  c.sd     x15, 0x10(x15)
#1206 0 000000007002b47e     07c1 r 000000000000000f 00000000600012e8  c.addi   x15, 0x10
#1207 0 000000007002b480 fee79de3 r 0000000000000000 0000000000000000  bne      x15, x14, . - 0x6
#1208 0 000000007002b47a     ef9c m 0000000060001300 00000000600012e8  c.sd     x15, 0x18(x15)
#1209 0 000000007002b47c     eb9c m 00000000600012f8 00000000600012e8  c.sd     x15, 0x10(x15)
#1210 0 000000007002b47e     07c1 r 000000000000000f 00000000600012f8  c.addi   x15, 0x10
#1211 0 000000007002b480 fee79de3 r 0000000000000000 0000000000000000  bne      x15, x14, . - 0x6
#1212 0 000000007002b47a     ef9c m 0000000060001310 00000000600012f8  c.sd     x15, 0x18(x15)
#1213 0 000000007002b47c     eb9c m 0000000060001308 00000000600012f8  c.sd     x15, 0x10(x15)
#1214 0 000000007002b47e     07c1 r 000000000000000f 0000000060001308  c.addi   x15, 0x10
#1215 0 000000007002b480 fee79de3 r 0000000000000000 0000000000000000  bne      x15, x14, . - 0x6
#1216 0 000000007002b47a     ef9c m 0000000060001320 0000000060001308  c.sd     x15, 0x18(x15)
#1217 0 000000007002b47c     eb9c m 0000000060001318 0000000060001308  c.sd     x15, 0x10(x15)
#1218 0 000000007002b47e     07c1 r 000000000000000f 0000000060001318  c.addi   x15, 0x10
#1219 0 000000007002b480 fee79de3 r 0000000000000000 0000000000000000  bne      x15, x14, . - 0x6
#1220 0 000000007002b47a     ef9c m 0000000060001330 0000000060001318  c.sd     x15, 0x18(x15)
#1221 0 000000007002b47c     eb9c m 0000000060001328 0000000060001318  c.sd     x15, 0x10(x15)
#1222 0 000000007002b47e     07c1 r 000000000000000f 0000000060001328  c.addi   x15, 0x10
#1223 0 000000007002b480 fee79de3 r 0000000000000000 0000000000000000  bne      x15, x14, . - 0x6
#1224 0 000000007002b47a     ef9c m 0000000060001340 0000000060001328  c.sd     x15, 0x18(x15)
#1225 0 000000007002b47c     eb9c m 0000000060001338 0000000060001328  c.sd     x15, 0x10(x15)
#1226 0 000000007002b47e     07c1 r 000000000000000f 0000000060001338  c.addi   x15, 0x10
#1227 0 000000007002b480 fee79de3 r 0000000000000000 0000000000000000  bne      x15, x14, . - 0x6
#1228 0 000000007002b47a     ef9c m 0000000060001350 0000000060001338  c.sd     x15, 0x18(x15)
#1229 0 000000007002b47c     eb9c m 0000000060001348 0000000060001338  c.sd     x15, 0x10(x15)
#1230 0 000000007002b47e     07c1 r 000000000000000f 0000000060001348  c.addi   x15, 0x10
#1231 0 000000007002b480 fee79de3 r 0000000000000000 0000000000000000  bne      x15, x14, . - 0x6
#1232 0 000000007002b47a     ef9c m 0000000060001360 0000000060001348  c.sd     x15, 0x18(x15)
#1233 0 000000007002b47c     eb9c m 0000000060001358 0000000060001348  c.sd     x15, 0x10(x15)
#1234 0 000000007002b47e     07c1 r 000000000000000f 0000000060001358  c.addi   x15, 0x10
#1235 0 000000007002b480 fee79de3 r 0000000000000000 0000000000000000  bne      x15, x14, . - 0x6
#1236 0 000000007002b47a     ef9c m 0000000060001370 0000000060001358  c.sd     x15, 0x18(x15)
#1237 0 000000007002b47c     eb9c m 0000000060001368 0000000060001358  c.sd     x15, 0x10(x15)
#1238 0 000000007002b47e     07c1 r 000000000000000f 0000000060001368  c.addi   x15, 0x10
#1239 0 000000007002b480 fee79de3 r 0000000000000000 0000000000000000  bne      x15, x14, . - 0x6
#1240 0 000000007002b47a     ef9c m 0000000060001380 0000000060001368  c.sd     x15, 0x18(x15)
#1241 0 000000007002b47c     eb9c m 0000000060001378 0000000060001368  c.sd     x15, 0x10(x15)
#1242 0 000000007002b47e     07c1 r 000000000000000f 0000000060001378  c.addi   x15, 0x10
#1243 0 000000007002b480 fee79de3 r 0000000000000000 0000000000000000  bne      x15, x14, . - 0x6
#1244 0 000000007002b47a     ef9c m 0000000060001390 0000000060001378  c.sd     x15, 0x18(x15)
#1245 0 000000007002b47c     eb9c m 0000000060001388 0000000060001378  c.sd     x15, 0x10(x15)
#1246 0 000000007002b47e     07c1 r 000000000000000f 0000000060001388  c.addi   x15, 0x10
#1247 0 000000007002b480 fee79de3 r 0000000000000000 0000000000000000  bne      x15, x14, . - 0x6
#1248 0 000000007002b47a     ef9c m 00000000600013a0 0000000060001388  c.sd     x15, 0x18(x15)
#1249 0 000000007002b47c     eb9c m 0000000060001398 0000000060001388  c.sd     x15, 0x10(x15)
#1250 0 000000007002b47e     07c1 r 000000000000000f 0000000060001398  c.addi   x15, 0x10
#1251 0 000000007002b480 fee79de3 r 0000000000000000 0000000000000000  bne      x15, x14, . - 0x6
#1252 0 000000007002b47a     ef9c m 00000000600013b0 0000000060001398  c.sd     x15, 0x18(x15)
#1253 0 000000007002b47c     eb9c m 00000000600013a8 0000000060001398  c.sd     x15, 0x10(x15)
#1254 0 000000007002b47e     07c1 r 000000000000000f 00000000600013a8  c.addi   x15, 0x10
#1255 0 000000007002b480 fee79de3 r 0000000000000000 0000000000000000  bne      x15, x14, . - 0x6
#1256 0 000000007002b47a     ef9c m 00000000600013c0 00000000600013a8  c.sd     x15, 0x18(x15)
#1257 0 000000007002b47c     eb9c m 00000000600013b8 00000000600013a8  c.sd     x15, 0x10(x15)
#1258 0 000000007002b47e     07c1 r 000000000000000f 00000000600013b8  c.addi   x15, 0x10
#1259 0 000000007002b480 fee79de3 r 0000000000000000 0000000000000000  bne      x15, x14, . - 0x6
#1260 0 000000007002b47a     ef9c m 00000000600013d0 00000000600013b8  c.sd     x15, 0x18(x15)
#1261 0 000000007002b47c     eb9c m 00000000600013c8 00000000600013b8  c.sd     x15, 0x10(x15)
#1262 0 000000007002b47e     07c1 r 000000000000000f 00000000600013c8  c.addi   x15, 0x10
#1263 0 000000007002b480 fee79de3 r 0000000000000000 0000000000000000  bne      x15, x14, . - 0x6
#1264 0 000000007002b47a     ef9c m 00000000600013e0 00000000600013c8  c.sd     x15, 0x18(x15)
#1265 0 000000007002b47c     eb9c m 00000000600013d8 00000000600013c8  c.sd     x15, 0x10(x15)
#1266 0 000000007002b47e     07c1 r 000000000000000f 00000000600013d8  c.addi   x15, 0x10
#1267 0 000000007002b480 fee79de3 r 0000000000000000 0000000000000000  bne      x15, x14, . - 0x6
#1268 0 000000007002b47a     ef9c m 00000000600013f0 00000000600013d8  c.sd     x15, 0x18(x15)
#1269 0 000000007002b47c     eb9c m 00000000600013e8 00000000600013d8  c.sd     x15, 0x10(x15)
#1270 0 000000007002b47e     07c1 r 000000000000000f 00000000600013e8  c.addi   x15, 0x10
#1271 0 000000007002b480 fee79de3 r 0000000000000000 0000000000000000  bne      x15, x14, . - 0x6
#1272 0 000000007002b47a     ef9c m 0000000060001400 00000000600013e8  c.sd     x15, 0x18(x15)
#1273 0 000000007002b47c     eb9c m 00000000600013f8 00000000600013e8  c.sd     x15, 0x10(x15)
#1274 0 000000007002b47e     07c1 r 000000000000000f 00000000600013f8  c.addi   x15, 0x10
#1275 0 000000007002b480 fee79de3 r 0000000000000000 0000000000000000  bne      x15, x14, . - 0x6
#1276 0 000000007002b47a     ef9c m 0000000060001410 00000000600013f8  c.sd     x15, 0x18(x15)
#1277 0 000000007002b47c     eb9c m 0000000060001408 00000000600013f8  c.sd     x15, 0x10(x15)
#1278 0 000000007002b47e     07c1 r 000000000000000f 0000000060001408  c.addi   x15, 0x10
#1279 0 000000007002b480 fee79de3 r 0000000000000000 0000000000000000  bne      x15, x14, . - 0x6
#1280 0 000000007002b47a     ef9c m 0000000060001420 0000000060001408  c.sd     x15, 0x18(x15)
#1281 0 000000007002b47c     eb9c m 0000000060001418 0000000060001408  c.sd     x15, 0x10(x15)
#1282 0 000000007002b47e     07c1 r 000000000000000f 0000000060001418  c.addi   x15, 0x10
#1283 0 000000007002b480 fee79de3 r 0000000000000000 0000000000000000  bne      x15, x14, . - 0x6
#1284 0 000000007002b47a     ef9c m 0000000060001430 0000000060001418  c.sd     x15, 0x18(x15)
#1285 0 000000007002b47c     eb9c m 0000000060001428 0000000060001418  c.sd     x15, 0x10(x15)
#1286 0 000000007002b47e     07c1 r 000000000000000f 0000000060001428  c.addi   x15, 0x10
#1287 0 000000007002b480 fee79de3 r 0000000000000000 0000000000000000  bne      x15, x14, . - 0x6
#1288 0 000000007002b484 602797b7 r 000000000000000f 0000000060279000  lui      x15, 0x60279
#1289 0 000000007002b488 08000713 r 000000000000000e 0000000000000080  addi     x14, x0, 0x80
#1290 0 000000007002b48c 2ce7b423 m 00000000602792c8 0000000000000080  sd       x14, 0x2c8(x15)
#1291 0 000000007002b490 600017b7 r 000000000000000f 0000000060001000  lui      x15, 0x60001
#1292 0 000000007002b494 be078793 r 000000000000000f 0000000060000be0  addi     x15, x15, -0x420
#1293 0 000000007002b498 0807a02f c 0000000000000300 0000000200003800  amoswap.w x0, x0, (x15)  +
#1293 0 000000007002b498 0807a02f c 0000000000000341 000000007002b498  amoswap.w x0, x0, (x15)  +
#1293 0 000000007002b498 0807a02f c 0000000000000342 0000000000000007  amoswap.w x0, x0, (x15)  +
#1293 0 000000007002b498 0807a02f c 0000000000000343 0000000060000be0  amoswap.w x0, x0, (x15)  +
#1293 0 000000007002b498 0807a02f c 00000000000007ff 000000000000000c  amoswap.w x0, x0, (x15)
#1294 0 0000000000000000     0000 c 0000000000000300 0000000200003800  illegal  +
#1294 0 0000000000000000     0000 c 0000000000000341 0000000000000000  illegal  +
#1294 0 0000000000000000     0000 c 0000000000000342 0000000000000002  illegal  +
#1294 0 0000000000000000     0000 c 0000000000000343 0000000000000000  illegal  +
#1294 0 0000000000000000     0000 c 00000000000007ff 0000000000000000  illegal
#1295 0 0000000000000000     0000 c 0000000000000300 0000000200003800  illegal  +
#1295 0 0000000000000000     0000 c 0000000000000341 0000000000000000  illegal  +
#1295 0 0000000000000000     0000 c 0000000000000342 0000000000000002  illegal  +
#1295 0 0000000000000000     0000 c 0000000000000343 0000000000000000  illegal  +
#1295 0 0000000000000000     0000 c 00000000000007ff 0000000000000000  illegal
#1296 0 0000000000000000     0000 c 0000000000000300 0000000200003800  illegal  +
#1296 0 0000000000000000     0000 c 0000000000000341 0000000000000000  illegal  +
#1296 0 0000000000000000     0000 c 0000000000000342 0000000000000002  illegal  +
#1296 0 0000000000000000     0000 c 0000000000000343 0000000000000000  illegal  +
#1296 0 0000000000000000     0000 c 00000000000007ff 0000000000000000  illegal
#1297 0 0000000000000000     0000 c 0000000000000300 0000000200003800  illegal  +
#1297 0 0000000000000000     0000 c 0000000000000341 0000000000000000  illegal  +
#1297 0 0000000000000000     0000 c 0000000000000342 0000000000000002  illegal  +
#1297 0 0000000000000000     0000 c 0000000000000343 0000000000000000  illegal  +
#1297 0 0000000000000000     0000 c 00000000000007ff 0000000000000000  illegal
#1298 0 0000000000000000     0000 c 0000000000000300 0000000200003800  illegal  +
#1298 0 0000000000000000     0000 c 0000000000000341 0000000000000000  illegal  +
#1298 0 0000000000000000     0000 c 0000000000000342 0000000000000002  illegal  +
#1298 0 0000000000000000     0000 c 0000000000000343 0000000000000000  illegal  +
#1298 0 0000000000000000     0000 c 00000000000007ff 0000000000000000  illegal
#1299 0 0000000000000000     0000 c 0000000000000300 0000000200003800  illegal  +
#1299 0 0000000000000000     0000 c 0000000000000341 0000000000000000  illegal  +
#1299 0 0000000000000000     0000 c 0000000000000342 0000000000000002  illegal  +
#1299 0 0000000000000000     0000 c 0000000000000343 0000000000000000  illegal  +
#1299 0 0000000000000000     0000 c 00000000000007ff 0000000000000000  illegal
#1300 0 0000000000000000     0000 c 0000000000000300 0000000200003800  illegal  +
#1300 0 0000000000000000     0000 c 0000000000000341 0000000000000000  illegal  +
#1300 0 0000000000000000     0000 c 0000000000000342 0000000000000002  illegal  +
#1300 0 0000000000000000     0000 c 0000000000000343 0000000000000000  illegal  +
#1300 0 0000000000000000     0000 c 00000000000007ff 0000000000000000  illegal
#1301 0 0000000000000000     0000 c 0000000000000300 0000000200003800  illegal  +
#1301 0 0000000000000000     0000 c 0000000000000341 0000000000000000  illegal  +
#1301 0 0000000000000000     0000 c 0000000000000342 0000000000000002  illegal  +
#1301 0 0000000000000000     0000 c 0000000000000343 0000000000000000  illegal  +
#1301 0 0000000000000000     0000 c 00000000000007ff 0000000000000000  illegal
#1302 0 0000000000000000     0000 c 0000000000000300 0000000200003800  illegal  +
#1302 0 0000000000000000     0000 c 0000000000000341 0000000000000000  illegal  +
#1302 0 0000000000000000     0000 c 0000000000000342 0000000000000002  illegal  +
#1302 0 0000000000000000     0000 c 0000000000000343 0000000000000000  illegal  +
#1302 0 0000000000000000     0000 c 00000000000007ff 0000000000000000  illegal
#1303 0 0000000000000000     0000 c 0000000000000300 0000000200003800  illegal  +
#1303 0 0000000000000000     0000 c 0000000000000341 0000000000000000  illegal  +
#1303 0 0000000000000000     0000 c 0000000000000342 0000000000000002  illegal  +
#1303 0 0000000000000000     0000 c 0000000000000343 0000000000000000  illegal  +
#1303 0 0000000000000000     0000 c 00000000000007ff 0000000000000000  illegal
#1304 0 0000000000000000     0000 c 0000000000000300 0000000200003800  illegal  +
#1304 0 0000000000000000     0000 c 0000000000000341 0000000000000000  illegal  +
#1304 0 0000000000000000     0000 c 0000000000000342 0000000000000002  illegal  +
#1304 0 0000000000000000     0000 c 0000000000000343 0000000000000000  illegal  +
#1304 0 0000000000000000     0000 c 00000000000007ff 0000000000000000  illegal
#1305 0 0000000000000000     0000 c 0000000000000300 0000000200003800  illegal  +
#1305 0 0000000000000000     0000 c 0000000000000341 0000000000000000  illegal  +
#1305 0 0000000000000000     0000 c 0000000000000342 0000000000000002  illegal  +
#1305 0 0000000000000000     0000 c 0000000000000343 0000000000000000  illegal  +
#1305 0 0000000000000000     0000 c 00000000000007ff 0000000000000000  illegal
#1306 0 0000000000000000     0000 c 0000000000000300 0000000200003800  illegal  +
#1306 0 0000000000000000     0000 c 0000000000000341 0000000000000000  illegal  +
#1306 0 0000000000000000     0000 c 0000000000000342 0000000000000002  illegal  +
#1306 0 0000000000000000     0000 c 0000000000000343 0000000000000000  illegal  +
#1306 0 0000000000000000     0000 c 00000000000007ff 0000000000000000  illegal
#1307 0 0000000000000000     0000 c 0000000000000300 0000000200003800  illegal  +
#1307 0 0000000000000000     0000 c 0000000000000341 0000000000000000  illegal  +
#1307 0 0000000000000000     0000 c 0000000000000342 0000000000000002  illegal  +
#1307 0 0000000000000000     0000 c 0000000000000343 0000000000000000  illegal  +
#1307 0 0000000000000000     0000 c 00000000000007ff 0000000000000000  illegal
#1308 0 0000000000000000     0000 c 0000000000000300 0000000200003800  illegal  +
#1308 0 0000000000000000     0000 c 0000000000000341 0000000000000000  illegal  +
#1308 0 0000000000000000     0000 c 0000000000000342 0000000000000002  illegal  +
#1308 0 0000000000000000     0000 c 0000000000000343 0000000000000000  illegal  +
#1308 0 0000000000000000     0000 c 00000000000007ff 0000000000000000  illegal
#1309 0 0000000000000000     0000 c 0000000000000300 0000000200003800  illegal  +
#1309 0 0000000000000000     0000 c 0000000000000341 0000000000000000  illegal  +
#1309 0 0000000000000000     0000 c 0000000000000342 0000000000000002  illegal  +
#1309 0 0000000000000000     0000 c 0000000000000343 0000000000000000  illegal  +
#1309 0 0000000000000000     0000 c 00000000000007ff 0000000000000000  illegal
#1310 0 0000000000000000     0000 c 0000000000000300 0000000200003800  illegal  +
#1310 0 0000000000000000     0000 c 0000000000000341 0000000000000000  illegal  +
#1310 0 0000000000000000     0000 c 0000000000000342 0000000000000002  illegal  +
#1310 0 0000000000000000     0000 c 0000000000000343 0000000000000000  illegal  +
#1310 0 0000000000000000     0000 c 00000000000007ff 0000000000000000  illegal
#1311 0 0000000000000000     0000 c 0000000000000300 0000000200003800  illegal  +
#1311 0 0000000000000000     0000 c 0000000000000341 0000000000000000  illegal  +
#1311 0 0000000000000000     0000 c 0000000000000342 0000000000000002  illegal  +
#1311 0 0000000000000000     0000 c 0000000000000343 0000000000000000  illegal  +
#1311 0 0000000000000000     0000 c 00000000000007ff 0000000000000000  illegal
#1312 0 0000000000000000     0000 c 0000000000000300 0000000200003800  illegal  +
#1312 0 0000000000000000     0000 c 0000000000000341 0000000000000000  illegal  +
#1312 0 0000000000000000     0000 c 0000000000000342 0000000000000002  illegal  +
#1312 0 0000000000000000     0000 c 0000000000000343 0000000000000000  illegal  +
#1312 0 0000000000000000     0000 c 00000000000007ff 0000000000000000  illegal
#1313 0 0000000000000000     0000 c 0000000000000300 0000000200003800  illegal  +
#1313 0 0000000000000000     0000 c 0000000000000341 0000000000000000  illegal  +
#1313 0 0000000000000000     0000 c 0000000000000342 0000000000000002  illegal  +
#1313 0 0000000000000000     0000 c 0000000000000343 0000000000000000  illegal  +
#1313 0 0000000000000000     0000 c 00000000000007ff 0000000000000000  illegal
#1314 0 0000000000000000     0000 c 0000000000000300 0000000200003800  illegal  +
#1314 0 0000000000000000     0000 c 0000000000000341 0000000000000000  illegal  +
#1314 0 0000000000000000     0000 c 0000000000000342 0000000000000002  illegal  +
#1314 0 0000000000000000     0000 c 0000000000000343 0000000000000000  illegal  +
#1314 0 0000000000000000     0000 c 00000000000007ff 0000000000000000  illegal
#1315 0 0000000000000000     0000 c 0000000000000300 0000000200003800  illegal  +
#1315 0 0000000000000000     0000 c 0000000000000341 0000000000000000  illegal  +
#1315 0 0000000000000000     0000 c 0000000000000342 0000000000000002  illegal  +
#1315 0 0000000000000000     0000 c 0000000000000343 0000000000000000  illegal  +
#1315 0 0000000000000000     0000 c 00000000000007ff 0000000000000000  illegal
#1316 0 0000000000000000     0000 c 0000000000000300 0000000200003800  illegal  +
#1316 0 0000000000000000     0000 c 0000000000000341 0000000000000000  illegal  +
#1316 0 0000000000000000     0000 c 0000000000000342 0000000000000002  illegal  +
#1316 0 0000000000000000     0000 c 0000000000000343 0000000000000000  illegal  +
#1316 0 0000000000000000     0000 c 00000000000007ff 0000000000000000  illegal
#1317 0 0000000000000000     0000 c 0000000000000300 0000000200003800  illegal  +
#1317 0 0000000000000000     0000 c 0000000000000341 0000000000000000  illegal  +
#1317 0 0000000000000000     0000 c 0000000000000342 0000000000000002  illegal  +
#1317 0 0000000000000000     0000 c 0000000000000343 0000000000000000  illegal  +
#1317 0 0000000000000000     0000 c 00000000000007ff 0000000000000000  illegal
#1318 0 0000000000000000     0000 c 0000000000000300 0000000200003800  illegal  +
#1318 0 0000000000000000     0000 c 0000000000000341 0000000000000000  illegal  +
#1318 0 0000000000000000     0000 c 0000000000000342 0000000000000002  illegal  +
#1318 0 0000000000000000     0000 c 0000000000000343 0000000000000000  illegal  +
#1318 0 0000000000000000     0000 c 00000000000007ff 0000000000000000  illegal
#1319 0 0000000000000000     0000 c 0000000000000300 0000000200003800  illegal  +
#1319 0 0000000000000000     0000 c 0000000000000341 0000000000000000  illegal  +
#1319 0 0000000000000000     0000 c 0000000000000342 0000000000000002  illegal  +
#1319 0 0000000000000000     0000 c 0000000000000343 0000000000000000  illegal  +
#1319 0 0000000000000000     0000 c 00000000000007ff 0000000000000000  illegal
#1320 0 0000000000000000     0000 c 0000000000000300 0000000200003800  illegal  +
#1320 0 0000000000000000     0000 c 0000000000000341 0000000000000000  illegal  +
#1320 0 0000000000000000     0000 c 0000000000000342 0000000000000002  illegal  +
#1320 0 0000000000000000     0000 c 0000000000000343 0000000000000000  illegal  +
#1320 0 0000000000000000     0000 c 00000000000007ff 0000000000000000  illegal
#1321 0 0000000000000000     0000 c 0000000000000300 0000000200003800  illegal  +
#1321 0 0000000000000000     0000 c 0000000000000341 0000000000000000  illegal  +
#1321 0 0000000000000000     0000 c 0000000000000342 0000000000000002  illegal  +
#1321 0 0000000000000000     0000 c 0000000000000343 0000000000000000  illegal  +
#1321 0 0000000000000000     0000 c 00000000000007ff 0000000000000000  illegal
#1322 0 0000000000000000     0000 c 0000000000000300 0000000200003800  illegal  +
#1322 0 0000000000000000     0000 c 0000000000000341 0000000000000000  illegal  +
#1322 0 0000000000000000     0000 c 0000000000000342 0000000000000002  illegal  +
#1322 0 0000000000000000     0000 c 0000000000000343 0000000000000000  illegal  +
#1322 0 0000000000000000     0000 c 00000000000007ff 0000000000000000  illegal
#1323 0 0000000000000000     0000 c 0000000000000300 0000000200003800  illegal  +
#1323 0 0000000000000000     0000 c 0000000000000341 0000000000000000  illegal  +
#1323 0 0000000000000000     0000 c 0000000000000342 0000000000000002  illegal  +
#1323 0 0000000000000000     0000 c 0000000000000343 0000000000000000  illegal  +
#1323 0 0000000000000000     0000 c 00000000000007ff 0000000000000000  illegal
#1324 0 0000000000000000     0000 c 0000000000000300 0000000200003800  illegal  +
#1324 0 0000000000000000     0000 c 0000000000000341 0000000000000000  illegal  +
#1324 0 0000000000000000     0000 c 0000000000000342 0000000000000002  illegal  +
#1324 0 0000000000000000     0000 c 0000000000000343 0000000000000000  illegal  +
#1324 0 0000000000000000     0000 c 00000000000007ff 0000000000000000  illegal
#1325 0 0000000000000000     0000 c 0000000000000300 0000000200003800  illegal  +
#1325 0 0000000000000000     0000 c 0000000000000341 0000000000000000  illegal  +
#1325 0 0000000000000000     0000 c 0000000000000342 0000000000000002  illegal  +
#1325 0 0000000000000000     0000 c 0000000000000343 0000000000000000  illegal  +
#1325 0 0000000000000000     0000 c 00000000000007ff 0000000000000000  illegal
#1326 0 0000000000000000     0000 c 0000000000000300 0000000200003800  illegal  +
#1326 0 0000000000000000     0000 c 0000000000000341 0000000000000000  illegal  +
#1326 0 0000000000000000     0000 c 0000000000000342 0000000000000002  illegal  +
#1326 0 0000000000000000     0000 c 0000000000000343 0000000000000000  illegal  +
#1326 0 0000000000000000     0000 c 00000000000007ff 0000000000000000  illegal
#1327 0 0000000000000000     0000 c 0000000000000300 0000000200003800  illegal  +
#1327 0 0000000000000000     0000 c 0000000000000341 0000000000000000  illegal  +
#1327 0 0000000000000000     0000 c 0000000000000342 0000000000000002  illegal  +
#1327 0 0000000000000000     0000 c 0000000000000343 0000000000000000  illegal  +
#1327 0 0000000000000000     0000 c 00000000000007ff 0000000000000000  illegal
#1328 0 0000000000000000     0000 c 0000000000000300 0000000200003800  illegal  +
#1328 0 0000000000000000     0000 c 0000000000000341 0000000000000000  illegal  +
#1328 0 0000000000000000     0000 c 0000000000000342 0000000000000002  illegal  +
#1328 0 0000000000000000     0000 c 0000000000000343 0000000000000000  illegal  +
#1328 0 0000000000000000     0000 c 00000000000007ff 0000000000000000  illegal
#1329 0 0000000000000000     0000 c 0000000000000300 0000000200003800  illegal  +
#1329 0 0000000000000000     0000 c 0000000000000341 0000000000000000  illegal  +
#1329 0 0000000000000000     0000 c 0000000000000342 0000000000000002  illegal  +
#1329 0 0000000000000000     0000 c 0000000000000343 0000000000000000  illegal  +
#1329 0 0000000000000000     0000 c 00000000000007ff 0000000000000000  illegal
#1330 0 0000000000000000     0000 c 0000000000000300 0000000200003800  illegal  +
#1330 0 0000000000000000     0000 c 0000000000000341 0000000000000000  illegal  +
#1330 0 0000000000000000     0000 c 0000000000000342 0000000000000002  illegal  +
#1330 0 0000000000000000     0000 c 0000000000000343 0000000000000000  illegal  +
#1330 0 0000000000000000     0000 c 00000000000007ff 0000000000000000  illegal
#1331 0 0000000000000000     0000 c 0000000000000300 0000000200003800  illegal  +
#1331 0 0000000000000000     0000 c 0000000000000341 0000000000000000  illegal  +
#1331 0 0000000000000000     0000 c 0000000000000342 0000000000000002  illegal  +
#1331 0 0000000000000000     0000 c 0000000000000343 0000000000000000  illegal  +
#1331 0 0000000000000000     0000 c 00000000000007ff 0000000000000000  illegal
#1332 0 0000000000000000     0000 c 0000000000000300 0000000200003800  illegal  +
#1332 0 0000000000000000     0000 c 0000000000000341 0000000000000000  illegal  +
#1332 0 0000000000000000     0000 c 0000000000000342 0000000000000002  illegal  +
#1332 0 0000000000000000     0000 c 0000000000000343 0000000000000000  illegal  +
#1332 0 0000000000000000     0000 c 00000000000007ff 0000000000000000  illegal
#1333 0 0000000000000000     0000 c 0000000000000300 0000000200003800  illegal  +
#1333 0 0000000000000000     0000 c 0000000000000341 0000000000000000  illegal  +
#1333 0 0000000000000000     0000 c 0000000000000342 0000000000000002  illegal  +
#1333 0 0000000000000000     0000 c 0000000000000343 0000000000000000  illegal  +
#1333 0 0000000000000000     0000 c 00000000000007ff 0000000000000000  illegal
#1334 0 0000000000000000     0000 c 0000000000000300 0000000200003800  illegal  +
#1334 0 0000000000000000     0000 c 0000000000000341 0000000000000000  illegal  +
#1334 0 0000000000000000     0000 c 0000000000000342 0000000000000002  illegal  +
#1334 0 0000000000000000     0000 c 0000000000000343 0000000000000000  illegal  +
#1334 0 0000000000000000     0000 c 00000000000007ff 0000000000000000  illegal
#1335 0 0000000000000000     0000 c 0000000000000300 0000000200003800  illegal  +
#1335 0 0000000000000000     0000 c 0000000000000341 0000000000000000  illegal  +
#1335 0 0000000000000000     0000 c 0000000000000342 0000000000000002  illegal  +
#1335 0 0000000000000000     0000 c 0000000000000343 0000000000000000  illegal  +
#1335 0 0000000000000000     0000 c 00000000000007ff 0000000000000000  illegal
#1336 0 0000000000000000     0000 c 0000000000000300 0000000200003800  illegal  +
#1336 0 0000000000000000     0000 c 0000000000000341 0000000000000000  illegal  +
#1336 0 0000000000000000     0000 c 0000000000000342 0000000000000002  illegal  +
#1336 0 0000000000000000     0000 c 0000000000000343 0000000000000000  illegal  +
#1336 0 0000000000000000     0000 c 00000000000007ff 0000000000000000  illegal
#1337 0 0000000000000000     0000 c 0000000000000300 0000000200003800  illegal  +
#1337 0 0000000000000000     0000 c 0000000000000341 0000000000000000  illegal  +
#1337 0 0000000000000000     0000 c 0000000000000342 0000000000000002  illegal  +
#1337 0 0000000000000000     0000 c 0000000000000343 0000000000000000  illegal  +
#1337 0 0000000000000000     0000 c 00000000000007ff 0000000000000000  illegal
#1338 0 0000000000000000     0000 c 0000000000000300 0000000200003800  illegal  +
#1338 0 0000000000000000     0000 c 0000000000000341 0000000000000000  illegal  +
#1338 0 0000000000000000     0000 c 0000000000000342 0000000000000002  illegal  +
#1338 0 0000000000000000     0000 c 0000000000000343 0000000000000000  illegal  +
#1338 0 0000000000000000     0000 c 00000000000007ff 0000000000000000  illegal
#1339 0 0000000000000000     0000 c 0000000000000300 0000000200003800  illegal  +
#1339 0 0000000000000000     0000 c 0000000000000341 0000000000000000  illegal  +
#1339 0 0000000000000000     0000 c 0000000000000342 0000000000000002  illegal  +
#1339 0 0000000000000000     0000 c 0000000000000343 0000000000000000  illegal  +
#1339 0 0000000000000000     0000 c 00000000000007ff 0000000000000000  illegal
#1340 0 0000000000000000     0000 c 0000000000000300 0000000200003800  illegal  +
#1340 0 0000000000000000     0000 c 0000000000000341 0000000000000000  illegal  +
#1340 0 0000000000000000     0000 c 0000000000000342 0000000000000002  illegal  +
#1340 0 0000000000000000     0000 c 0000000000000343 0000000000000000  illegal  +
#1340 0 0000000000000000     0000 c 00000000000007ff 0000000000000000  illegal
#1341 0 0000000000000000     0000 c 0000000000000300 0000000200003800  illegal  +
#1341 0 0000000000000000     0000 c 0000000000000341 0000000000000000  illegal  +
#1341 0 0000000000000000     0000 c 0000000000000342 0000000000000002  illegal  +
#1341 0 0000000000000000     0000 c 0000000000000343 0000000000000000  illegal  +
#1341 0 0000000000000000     0000 c 00000000000007ff 0000000000000000  illegal
#1342 0 0000000000000000     0000 c 0000000000000300 0000000200003800  illegal  +
#1342 0 0000000000000000     0000 c 0000000000000341 0000000000000000  illegal  +
#1342 0 0000000000000000     0000 c 0000000000000342 0000000000000002  illegal  +
#1342 0 0000000000000000     0000 c 0000000000000343 0000000000000000  illegal  +
#1342 0 0000000000000000     0000 c 00000000000007ff 0000000000000000  illegal
#1343 0 0000000000000000     0000 c 0000000000000300 0000000200003800  illegal  +
#1343 0 0000000000000000     0000 c 0000000000000341 0000000000000000  illegal  +
#1343 0 0000000000000000     0000 c 0000000000000342 0000000000000002  illegal  +
#1343 0 0000000000000000     0000 c 0000000000000343 0000000000000000  illegal  +
#1343 0 0000000000000000     0000 c 00000000000007ff 0000000000000000  illegal
#1344 0 0000000000000000     0000 c 0000000000000300 0000000200003800  illegal  +
#1344 0 0000000000000000     0000 c 0000000000000341 0000000000000000  illegal  +
#1344 0 0000000000000000     0000 c 0000000000000342 0000000000000002  illegal  +
#1344 0 0000000000000000     0000 c 0000000000000343 0000000000000000  illegal  +
#1344 0 0000000000000000     0000 c 00000000000007ff 0000000000000000  illegal
#1345 0 0000000000000000     0000 c 0000000000000300 0000000200003800  illegal  +
#1345 0 0000000000000000     0000 c 0000000000000341 0000000000000000  illegal  +
#1345 0 0000000000000000     0000 c 0000000000000342 0000000000000002  illegal  +
#1345 0 0000000000000000     0000 c 0000000000000343 0000000000000000  illegal  +
#1345 0 0000000000000000     0000 c 00000000000007ff 0000000000000000  illegal
#1346 0 0000000000000000     0000 c 0000000000000300 0000000200003800  illegal  +
#1346 0 0000000000000000     0000 c 0000000000000341 0000000000000000  illegal  +
#1346 0 0000000000000000     0000 c 0000000000000342 0000000000000002  illegal  +
#1346 0 0000000000000000     0000 c 0000000000000343 0000000000000000  illegal  +
#1346 0 0000000000000000     0000 c 00000000000007ff 0000000000000000  illegal
#1347 0 0000000000000000     0000 c 0000000000000300 0000000200003800  illegal  +
#1347 0 0000000000000000     0000 c 0000000000000341 0000000000000000  illegal  +
#1347 0 0000000000000000     0000 c 0000000000000342 0000000000000002  illegal  +
#1347 0 0000000000000000     0000 c 0000000000000343 0000000000000000  illegal  +
#1347 0 0000000000000000     0000 c 00000000000007ff 0000000000000000  illegal
#1348 0 0000000000000000     0000 c 0000000000000300 0000000200003800  illegal  +
#1348 0 0000000000000000     0000 c 0000000000000341 0000000000000000  illegal  +
#1348 0 0000000000000000     0000 c 0000000000000342 0000000000000002  illegal  +
#1348 0 0000000000000000     0000 c 0000000000000343 0000000000000000  illegal  +
#1348 0 0000000000000000     0000 c 00000000000007ff 0000000000000000  illegal
#1349 0 0000000000000000     0000 c 0000000000000300 0000000200003800  illegal  +
#1349 0 0000000000000000     0000 c 0000000000000341 0000000000000000  illegal  +
#1349 0 0000000000000000     0000 c 0000000000000342 0000000000000002  illegal  +
#1349 0 0000000000000000     0000 c 0000000000000343 0000000000000000  illegal  +
#1349 0 0000000000000000     0000 c 00000000000007ff 0000000000000000  illegal
#1350 0 0000000000000000     0000 c 0000000000000300 0000000200003800  illegal  +
#1350 0 0000000000000000     0000 c 0000000000000341 0000000000000000  illegal  +
#1350 0 0000000000000000     0000 c 0000000000000342 0000000000000002  illegal  +
#1350 0 0000000000000000     0000 c 0000000000000343 0000000000000000  illegal  +
#1350 0 0000000000000000     0000 c 00000000000007ff 0000000000000000  illegal
#1351 0 0000000000000000     0000 c 0000000000000300 0000000200003800  illegal  +
#1351 0 0000000000000000     0000 c 0000000000000341 0000000000000000  illegal  +
#1351 0 0000000000000000     0000 c 0000000000000342 0000000000000002  illegal  +
#1351 0 0000000000000000     0000 c 0000000000000343 0000000000000000  illegal  +
#1351 0 0000000000000000     0000 c 00000000000007ff 0000000000000000  illegal
#1352 0 0000000000000000     0000 c 0000000000000300 0000000200003800  illegal  +
#1352 0 0000000000000000     0000 c 0000000000000341 0000000000000000  illegal  +
#1352 0 0000000000000000     0000 c 0000000000000342 0000000000000002  illegal  +
#1352 0 0000000000000000     0000 c 0000000000000343 0000000000000000  illegal  +
#1352 0 0000000000000000     0000 c 00000000000007ff 0000000000000000  illegal
#1353 0 0000000000000000     0000 c 0000000000000300 0000000200003800  illegal  +
#1353 0 0000000000000000     0000 c 0000000000000341 0000000000000000  illegal  +
#1353 0 0000000000000000     0000 c 0000000000000342 0000000000000002  illegal  +
#1353 0 0000000000000000     0000 c 0000000000000343 0000000000000000  illegal  +
#1353 0 0000000000000000     0000 c 00000000000007ff 0000000000000000  illegal
#1354 0 0000000000000000     0000 c 0000000000000300 0000000200003800  illegal  +
#1354 0 0000000000000000     0000 c 0000000000000341 0000000000000000  illegal  +
#1354 0 0000000000000000     0000 c 0000000000000342 0000000000000002  illegal  +
#1354 0 0000000000000000     0000 c 0000000000000343 0000000000000000  illegal  +
#1354 0 0000000000000000     0000 c 00000000000007ff 0000000000000000  illegal
#1355 0 0000000000000000     0000 c 0000000000000300 0000000200003800  illegal  +
#1355 0 0000000000000000     0000 c 0000000000000341 0000000000000000  illegal  +
#1355 0 0000000000000000     0000 c 0000000000000342 0000000000000002  illegal  +
#1355 0 0000000000000000     0000 c 0000000000000343 0000000000000000  illegal  +
#1355 0 0000000000000000     0000 c 00000000000007ff 0000000000000000  illegal
#1356 0 0000000000000000     0000 c 0000000000000300 0000000200003800  illegal  +
#1356 0 0000000000000000     0000 c 0000000000000341 0000000000000000  illegal  +
#1356 0 0000000000000000     0000 c 0000000000000342 0000000000000002  illegal  +
#1356 0 0000000000000000     0000 c 0000000000000343 0000000000000000  illegal  +
#1356 0 0000000000000000     0000 c 00000000000007ff 0000000000000000  illegal
#1357 0 0000000000000000     0000 c 0000000000000300 0000000200003800  illegal  +
#1357 0 0000000000000000     0000 c 0000000000000341 0000000000000000  illegal  +
#1357 0 0000000000000000     0000 c 0000000000000342 0000000000000002  illegal  +
#1357 0 0000000000000000     0000 c 0000000000000343 0000000000000000  illegal  +
#1357 0 0000000000000000     0000 c 00000000000007ff 0000000000000000  illegal
#1358 0 0000000000000000     0000 c 0000000000000300 0000000200003800  illegal  +
#1358 0 0000000000000000     0000 c 0000000000000341 0000000000000000  illegal  +
#1358 0 0000000000000000     0000 c 0000000000000342 0000000000000002  illegal  +
#1358 0 0000000000000000     0000 c 0000000000000343 0000000000000000  illegal  +
#1358 0 0000000000000000     0000 c 00000000000007ff 0000000000000000  illegal
#1359 0 0000000000000000     0000 r 0000000000000000 0000000000000000  illegal
